loading WikiText-103 from /home/ubuntu/data ...
  train chars: 540,095,682
  test  chars: 60,000
energy budget: 100,000 J  (watchdog poll 0.25s)
training submission /home/ubuntu/queue/running/2026-05-06T09-25-35-dgl-greedy-layerwise-7867fc5c/submission.py ...
DGL v7: 12.85M params, 4 layers, d=512, h=8, steps/layer=4000, muon_lr=0.02, adam_lr=0.002
  layer 0 step    0  loss 5.6211  scale 0.004  elapsed 2s
  layer 0 step  500  loss 1.4896  scale 1.000  elapsed 12s
  layer 0 step 1000  loss 1.4047  scale 1.000  elapsed 22s
  layer 0 step 1500  loss 1.3846  scale 1.000  elapsed 33s
  layer 0 step 2000  loss 1.3383  scale 1.000  elapsed 43s
  layer 0 step 2500  loss 1.3504  scale 1.000  elapsed 54s
  layer 0 step 3000  loss 1.3057  scale 1.000  elapsed 64s
  layer 0 step 3500  loss 1.3050  scale 0.625  elapsed 74s
  layer 0 step 3999  loss 1.2376  scale 0.001  elapsed 85s
  layer 1 step    0  loss 1.2660  scale 0.004  elapsed 85s
  layer 1 step  500  loss 1.2736  scale 1.000  elapsed 97s
  layer 1 step 1000  loss 1.2361  scale 1.000  elapsed 108s
  layer 1 step 1500  loss 1.2127  scale 1.000  elapsed 120s
  layer 1 step 2000  loss 1.2136  scale 1.000  elapsed 131s
  layer 1 step 2500  loss 1.1682  scale 1.000  elapsed 143s
  layer 1 step 3000  loss 1.1887  scale 1.000  elapsed 155s
  layer 1 step 3500  loss 1.2118  scale 0.625  elapsed 166s
  layer 1 step 3999  loss 1.1653  scale 0.001  elapsed 178s
  layer 2 step    0  loss 1.1780  scale 0.004  elapsed 178s
  layer 2 step  500  loss 1.1854  scale 1.000  elapsed 191s
  layer 2 step 1000  loss 1.1485  scale 1.000  elapsed 204s
  layer 2 step 1500  loss 1.1313  scale 1.000  elapsed 218s
  layer 2 step 2000  loss 1.1496  scale 1.000  elapsed 231s
  layer 2 step 2500  loss 1.1480  scale 1.000  elapsed 244s
  layer 2 step 3000  loss 1.1713  scale 1.000  elapsed 257s
  layer 2 step 3500  loss 1.1250  scale 0.625  elapsed 270s
  layer 2 step 3999  loss 1.1826  scale 0.001  elapsed 284s
  layer 3 step    0  loss 1.1241  scale 0.004  elapsed 284s
  layer 3 step  500  loss 1.1359  scale 1.000  elapsed 298s
  layer 3 step 1000  loss 1.1402  scale 1.000  elapsed 313s
  layer 3 step 1500  loss 1.1371  scale 1.000  elapsed 328s
  layer 3 step 2000  loss 1.1455  scale 1.000  elapsed 343s
  layer 3 step 2500  loss 1.1267  scale 1.000  elapsed 357s
  layer 3 step 3000  loss 1.1406  scale 1.000  elapsed 372s
  layer 3 step 3500  loss 1.1452  scale 0.625  elapsed 387s
  layer 3 step 3999  loss 1.1200  scale 0.001  elapsed 402s
DGL v7 done in 402s
training: 74,218.2 J   duration=457.8s
evaluating on test split ...
  eval      1,200/60,000 (  2.0%)  acc=0.6642      355 char/s  eta=   166s
  eval      2,400/60,000 (  4.0%)  acc=0.6692      353 char/s  eta=   163s
  eval      3,600/60,000 (  6.0%)  acc=0.6589      352 char/s  eta=   160s
  eval      4,800/60,000 (  8.0%)  acc=0.6517      351 char/s  eta=   157s
  eval      6,000/60,000 ( 10.0%)  acc=0.6563      351 char/s  eta=   154s
  eval      7,200/60,000 ( 12.0%)  acc=0.6582      351 char/s  eta=   150s
  eval      8,400/60,000 ( 14.0%)  acc=0.6577      351 char/s  eta=   147s
  eval      9,600/60,000 ( 16.0%)  acc=0.6603      351 char/s  eta=   144s
  eval     10,800/60,000 ( 18.0%)  acc=0.6610      351 char/s  eta=   140s
  eval     12,000/60,000 ( 20.0%)  acc=0.6613      351 char/s  eta=   137s
  eval     13,200/60,000 ( 22.0%)  acc=0.6598      351 char/s  eta=   133s
  eval     14,400/60,000 ( 24.0%)  acc=0.6595      351 char/s  eta=   130s
  eval     15,600/60,000 ( 26.0%)  acc=0.6604      350 char/s  eta=   127s
  eval     16,800/60,000 ( 28.0%)  acc=0.6582      350 char/s  eta=   123s
  eval     18,000/60,000 ( 30.0%)  acc=0.6587      350 char/s  eta=   120s
  eval     19,200/60,000 ( 32.0%)  acc=0.6583      350 char/s  eta=   117s
  eval     20,400/60,000 ( 34.0%)  acc=0.6561      350 char/s  eta=   113s
  eval     21,600/60,000 ( 36.0%)  acc=0.6545      350 char/s  eta=   110s
  eval     22,800/60,000 ( 38.0%)  acc=0.6549      350 char/s  eta=   106s
  eval     24,000/60,000 ( 40.0%)  acc=0.6546      350 char/s  eta=   103s
  eval     25,200/60,000 ( 42.0%)  acc=0.6548      350 char/s  eta=    99s
  eval     26,400/60,000 ( 44.0%)  acc=0.6524      350 char/s  eta=    96s
  eval     27,600/60,000 ( 46.0%)  acc=0.6491      349 char/s  eta=    93s
  eval     28,800/60,000 ( 48.0%)  acc=0.6482      349 char/s  eta=    89s
  eval     30,000/60,000 ( 50.0%)  acc=0.6465      350 char/s  eta=    86s
  eval     31,200/60,000 ( 52.0%)  acc=0.6494      350 char/s  eta=    82s
  eval     32,400/60,000 ( 54.0%)  acc=0.6514      350 char/s  eta=    79s
  eval     33,600/60,000 ( 56.0%)  acc=0.6529      350 char/s  eta=    76s
  eval     34,800/60,000 ( 58.0%)  acc=0.6541      350 char/s  eta=    72s
  eval     36,000/60,000 ( 60.0%)  acc=0.6561      350 char/s  eta=    69s
  eval     37,200/60,000 ( 62.0%)  acc=0.6606      350 char/s  eta=    65s
  eval     38,400/60,000 ( 64.0%)  acc=0.6638      350 char/s  eta=    62s
  eval     39,600/60,000 ( 66.0%)  acc=0.6630      350 char/s  eta=    58s
  eval     40,800/60,000 ( 68.0%)  acc=0.6629      350 char/s  eta=    55s
  eval     42,000/60,000 ( 70.0%)  acc=0.6645      350 char/s  eta=    51s
  eval     43,200/60,000 ( 72.0%)  acc=0.6653      350 char/s  eta=    48s
  eval     44,400/60,000 ( 74.0%)  acc=0.6666      349 char/s  eta=    45s
  eval     45,600/60,000 ( 76.0%)  acc=0.6681      349 char/s  eta=    41s
  eval     46,800/60,000 ( 78.0%)  acc=0.6693      349 char/s  eta=    38s
  eval     48,000/60,000 ( 80.0%)  acc=0.6698      349 char/s  eta=    34s
  eval     49,200/60,000 ( 82.0%)  acc=0.6710      349 char/s  eta=    31s
  eval     50,400/60,000 ( 84.0%)  acc=0.6725      349 char/s  eta=    27s
  eval     51,600/60,000 ( 86.0%)  acc=0.6732      349 char/s  eta=    24s
  eval     52,800/60,000 ( 88.0%)  acc=0.6741      349 char/s  eta=    21s
  eval     54,000/60,000 ( 90.0%)  acc=0.6747      349 char/s  eta=    17s
  eval     55,200/60,000 ( 92.0%)  acc=0.6762      349 char/s  eta=    14s
  eval     56,400/60,000 ( 94.0%)  acc=0.6769      349 char/s  eta=    10s
  eval     57,600/60,000 ( 96.0%)  acc=0.6779      349 char/s  eta=     7s
  eval     58,800/60,000 ( 98.0%)  acc=0.6784      349 char/s  eta=     3s
  eval     60,000/60,000 (100.0%)  acc=0.6789      349 char/s  eta=     0s
chars=60,000  acc=0.6789  eval_duration=171.7s
---
submission         : submission
training energy (J): 74,218.2
training duration  : 457.8s
test char-accuracy : 0.6789
test chars         : 60,000
wrote /home/ubuntu/queue/running/2026-05-06T09-25-35-dgl-greedy-layerwise-7867fc5c/result.json
