loading WikiText-103 from /home/ubuntu/data ...
  train chars: 540,095,682
  test  chars: 60,000
energy budget: 100,000 J  (watchdog poll 0.25s)
training submission /home/ubuntu/queue/running/2026-05-06T09-10-33-dgl-greedy-layerwise-8abf3f38/submission.py ...
DGL v6: 12.87M params, 4 layers, d=512, h=8, steps/layer=4000
  layer 0 step    0  loss 5.6698  lr 2.00e-06  elapsed 2s
  layer 0 step  500  loss 1.4898  lr 4.95e-04  elapsed 12s
  layer 0 step 1000  loss 1.3916  lr 4.57e-04  elapsed 22s
  layer 0 step 1500  loss 1.3630  lr 3.88e-04  elapsed 32s
  layer 0 step 2000  loss 1.3400  lr 2.99e-04  elapsed 42s
  layer 0 step 2500  loss 1.2990  lr 2.05e-04  elapsed 52s
  layer 0 step 3000  loss 1.2841  lr 1.24e-04  elapsed 62s
  layer 0 step 3500  loss 1.2834  lr 6.95e-05  elapsed 72s
  layer 0 step 3999  loss 1.2698  lr 5.00e-05  elapsed 82s
  layer 1 step    0  loss 1.2737  lr 2.00e-06  elapsed 82s
  layer 1 step  500  loss 1.2762  lr 4.95e-04  elapsed 94s
  layer 1 step 1000  loss 1.2578  lr 4.57e-04  elapsed 105s
  layer 1 step 1500  loss 1.2282  lr 3.88e-04  elapsed 116s
  layer 1 step 2000  loss 1.2316  lr 2.99e-04  elapsed 128s
  layer 1 step 2500  loss 1.2046  lr 2.05e-04  elapsed 139s
  layer 1 step 3000  loss 1.2040  lr 1.24e-04  elapsed 150s
  layer 1 step 3500  loss 1.1991  lr 6.95e-05  elapsed 162s
  layer 1 step 3999  loss 1.2081  lr 5.00e-05  elapsed 173s
  layer 2 step    0  loss 1.2061  lr 2.00e-06  elapsed 173s
  layer 2 step  500  loss 1.2026  lr 4.95e-04  elapsed 186s
  layer 2 step 1000  loss 1.1745  lr 4.57e-04  elapsed 199s
  layer 2 step 1500  loss 1.2041  lr 3.88e-04  elapsed 211s
  layer 2 step 2000  loss 1.2004  lr 2.99e-04  elapsed 224s
  layer 2 step 2500  loss 1.1985  lr 2.05e-04  elapsed 237s
  layer 2 step 3000  loss 1.2143  lr 1.24e-04  elapsed 250s
  layer 2 step 3500  loss 1.2087  lr 6.95e-05  elapsed 263s
  layer 2 step 3999  loss 1.2068  lr 5.00e-05  elapsed 276s
  layer 3 step    0  loss 1.1918  lr 2.00e-06  elapsed 276s
  layer 3 step  500  loss 1.1912  lr 4.95e-04  elapsed 291s
  layer 3 step 1000  loss 1.2142  lr 4.57e-04  elapsed 305s
  layer 3 step 1500  loss 1.1961  lr 3.88e-04  elapsed 319s
  layer 3 step 2000  loss 1.1569  lr 2.99e-04  elapsed 334s
  layer 3 step 2500  loss 1.1831  lr 2.05e-04  elapsed 348s
  layer 3 step 3000  loss 1.2385  lr 1.24e-04  elapsed 363s
  layer 3 step 3500  loss 1.1831  lr 6.95e-05  elapsed 377s
  layer 3 step 3999  loss 1.1822  lr 5.00e-05  elapsed 392s
DGL v6 done in 392s
training: 72,033.0 J   duration=449.0s
evaluating on test split ...
  eval      1,200/60,000 (  2.0%)  acc=0.6475      355 char/s  eta=   166s
  eval      2,400/60,000 (  4.0%)  acc=0.6650      354 char/s  eta=   163s
  eval      3,600/60,000 (  6.0%)  acc=0.6503      354 char/s  eta=   159s
  eval      4,800/60,000 (  8.0%)  acc=0.6442      354 char/s  eta=   156s
  eval      6,000/60,000 ( 10.0%)  acc=0.6480      353 char/s  eta=   153s
  eval      7,200/60,000 ( 12.0%)  acc=0.6465      354 char/s  eta=   149s
  eval      8,400/60,000 ( 14.0%)  acc=0.6470      354 char/s  eta=   146s
  eval      9,600/60,000 ( 16.0%)  acc=0.6493      354 char/s  eta=   142s
  eval     10,800/60,000 ( 18.0%)  acc=0.6513      354 char/s  eta=   139s
  eval     12,000/60,000 ( 20.0%)  acc=0.6539      354 char/s  eta=   136s
  eval     13,200/60,000 ( 22.0%)  acc=0.6521      354 char/s  eta=   132s
  eval     14,400/60,000 ( 24.0%)  acc=0.6506      354 char/s  eta=   129s
  eval     15,600/60,000 ( 26.0%)  acc=0.6509      354 char/s  eta=   126s
  eval     16,800/60,000 ( 28.0%)  acc=0.6493      353 char/s  eta=   122s
  eval     18,000/60,000 ( 30.0%)  acc=0.6491      353 char/s  eta=   119s
  eval     19,200/60,000 ( 32.0%)  acc=0.6484      353 char/s  eta=   116s
  eval     20,400/60,000 ( 34.0%)  acc=0.6461      353 char/s  eta=   112s
  eval     21,600/60,000 ( 36.0%)  acc=0.6444      353 char/s  eta=   109s
  eval     22,800/60,000 ( 38.0%)  acc=0.6448      353 char/s  eta=   105s
  eval     24,000/60,000 ( 40.0%)  acc=0.6438      353 char/s  eta=   102s
  eval     25,200/60,000 ( 42.0%)  acc=0.6434      353 char/s  eta=    99s
  eval     26,400/60,000 ( 44.0%)  acc=0.6408      353 char/s  eta=    95s
  eval     27,600/60,000 ( 46.0%)  acc=0.6365      352 char/s  eta=    92s
  eval     28,800/60,000 ( 48.0%)  acc=0.6355      352 char/s  eta=    89s
  eval     30,000/60,000 ( 50.0%)  acc=0.6336      352 char/s  eta=    85s
  eval     31,200/60,000 ( 52.0%)  acc=0.6361      352 char/s  eta=    82s
  eval     32,400/60,000 ( 54.0%)  acc=0.6380      352 char/s  eta=    78s
  eval     33,600/60,000 ( 56.0%)  acc=0.6391      352 char/s  eta=    75s
  eval     34,800/60,000 ( 58.0%)  acc=0.6392      352 char/s  eta=    72s
  eval     36,000/60,000 ( 60.0%)  acc=0.6410      352 char/s  eta=    68s
  eval     37,200/60,000 ( 62.0%)  acc=0.6457      353 char/s  eta=    65s
  eval     38,400/60,000 ( 64.0%)  acc=0.6487      353 char/s  eta=    61s
  eval     39,600/60,000 ( 66.0%)  acc=0.6480      353 char/s  eta=    58s
  eval     40,800/60,000 ( 68.0%)  acc=0.6480      353 char/s  eta=    54s
  eval     42,000/60,000 ( 70.0%)  acc=0.6497      353 char/s  eta=    51s
  eval     43,200/60,000 ( 72.0%)  acc=0.6504      352 char/s  eta=    48s
  eval     44,400/60,000 ( 74.0%)  acc=0.6522      352 char/s  eta=    44s
  eval     45,600/60,000 ( 76.0%)  acc=0.6537      352 char/s  eta=    41s
  eval     46,800/60,000 ( 78.0%)  acc=0.6545      352 char/s  eta=    37s
  eval     48,000/60,000 ( 80.0%)  acc=0.6549      352 char/s  eta=    34s
  eval     49,200/60,000 ( 82.0%)  acc=0.6559      352 char/s  eta=    31s
  eval     50,400/60,000 ( 84.0%)  acc=0.6572      353 char/s  eta=    27s
  eval     51,600/60,000 ( 86.0%)  acc=0.6578      352 char/s  eta=    24s
  eval     52,800/60,000 ( 88.0%)  acc=0.6589      352 char/s  eta=    20s
  eval     54,000/60,000 ( 90.0%)  acc=0.6594      352 char/s  eta=    17s
  eval     55,200/60,000 ( 92.0%)  acc=0.6609      353 char/s  eta=    14s
  eval     56,400/60,000 ( 94.0%)  acc=0.6618      353 char/s  eta=    10s
  eval     57,600/60,000 ( 96.0%)  acc=0.6628      353 char/s  eta=     7s
  eval     58,800/60,000 ( 98.0%)  acc=0.6633      353 char/s  eta=     3s
  eval     60,000/60,000 (100.0%)  acc=0.6638      353 char/s  eta=     0s
chars=60,000  acc=0.6638  eval_duration=170.2s
---
submission         : submission
training energy (J): 72,033.0
training duration  : 449.0s
test char-accuracy : 0.6638
test chars         : 60,000
wrote /home/ubuntu/queue/running/2026-05-06T09-10-33-dgl-greedy-layerwise-8abf3f38/result.json
