loading WikiText-103 from /home/ubuntu/data ...
  train chars: 540,095,682
  test  chars: 60,000
energy budget: 100,000 J  (watchdog poll 0.25s)
training submission /home/ubuntu/queue/running/2026-05-06T08-39-54-dgl-greedy-layerwise-7af8fe69/submission.py ...
DGL v4: 11.34M params, 6 layers, d=384; DGL_steps/layer=2500, readout_steps=4000
  layer 0 step    0  loss 5.6523  lr 2.50e-06  elapsed 2s
  layer 0 step  500  loss 1.4944  lr 4.81e-04  elapsed 10s
  layer 0 step 1000  loss 1.4413  lr 3.79e-04  elapsed 19s
  layer 0 step 1500  loss 1.3633  lr 2.29e-04  elapsed 28s
  layer 0 step 2000  loss 1.3372  lr 1.00e-04  elapsed 36s
  layer 0 step 2499  loss 1.3216  lr 5.00e-05  elapsed 45s
  layer 1 step    0  loss 1.3309  lr 2.50e-06  elapsed 45s
  layer 1 step  500  loss 1.2916  lr 4.81e-04  elapsed 54s
  layer 1 step 1000  loss 1.2572  lr 3.79e-04  elapsed 64s
  layer 1 step 1500  loss 1.2622  lr 2.29e-04  elapsed 74s
  layer 1 step 2000  loss 1.2643  lr 1.00e-04  elapsed 83s
  layer 1 step 2499  loss 1.2426  lr 5.00e-05  elapsed 93s
  layer 2 step    0  loss 1.2291  lr 2.50e-06  elapsed 93s
  layer 2 step  500  loss 1.2509  lr 4.81e-04  elapsed 103s
  layer 2 step 1000  loss 1.2558  lr 3.79e-04  elapsed 114s
  layer 2 step 1500  loss 1.2024  lr 2.29e-04  elapsed 125s
  layer 2 step 2000  loss 1.2512  lr 1.00e-04  elapsed 135s
  layer 2 step 2499  loss 1.2467  lr 5.00e-05  elapsed 146s
  layer 3 step    0  loss 1.2569  lr 2.50e-06  elapsed 146s
  layer 3 step  500  loss 1.2582  lr 4.81e-04  elapsed 158s
  layer 3 step 1000  loss 1.2073  lr 3.79e-04  elapsed 170s
  layer 3 step 1500  loss 1.2309  lr 2.29e-04  elapsed 182s
  layer 3 step 2000  loss 1.2318  lr 1.00e-04  elapsed 193s
  layer 3 step 2499  loss 1.2337  lr 5.00e-05  elapsed 205s
  layer 4 step    0  loss 1.2350  lr 2.50e-06  elapsed 205s
  layer 4 step  500  loss 1.2306  lr 4.81e-04  elapsed 218s
  layer 4 step 1000  loss 1.2084  lr 3.79e-04  elapsed 231s
  layer 4 step 1500  loss 1.2394  lr 2.29e-04  elapsed 244s
  layer 4 step 2000  loss 1.2455  lr 1.00e-04  elapsed 257s
  layer 4 step 2499  loss 1.2361  lr 5.00e-05  elapsed 270s
  layer 5 step    0  loss 1.2296  lr 2.50e-06  elapsed 270s
  layer 5 step  500  loss 1.2223  lr 4.81e-04  elapsed 285s
  layer 5 step 1000  loss 1.2208  lr 3.79e-04  elapsed 299s
  layer 5 step 1500  loss 1.2584  lr 2.29e-04  elapsed 313s
  layer 5 step 2000  loss 1.2268  lr 1.00e-04  elapsed 327s
  layer 5 step 2499  loss 1.2054  lr 5.00e-05  elapsed 341s
DGL training done in 341s — training CE readout
  readout step    0  loss 5.7314  lr 5.00e-06  elapsed 341s
  readout step  500  loss 1.2355  lr 9.86e-04  elapsed 355s
  readout step 1000  loss 1.2280  lr 9.05e-04  elapsed 368s
  readout step 1500  loss 1.2150  lr 7.64e-04  elapsed 382s
  readout step 2000  loss 1.1987  lr 5.87e-04  elapsed 395s
  readout step 2500  loss 1.2160  lr 4.04e-04  elapsed 408s
  readout step 3000  loss 1.1962  lr 2.45e-04  elapsed 422s
  readout step 3500  loss 1.2070  lr 1.38e-04  elapsed 435s
  readout step 3999  loss 1.1925  lr 1.00e-04  elapsed 449s
DGL v4 done in 449s — readout ready
training: 77,436.2 J   duration=505.0s
evaluating on test split ...
  eval      1,200/60,000 (  2.0%)  acc=0.6442      242 char/s  eta=   243s
  eval      2,400/60,000 (  4.0%)  acc=0.6562      241 char/s  eta=   239s
  eval      3,600/60,000 (  6.0%)  acc=0.6422      240 char/s  eta=   235s
  eval      4,800/60,000 (  8.0%)  acc=0.6354      241 char/s  eta=   230s
  eval      6,000/60,000 ( 10.0%)  acc=0.6393      240 char/s  eta=   225s
  eval      7,200/60,000 ( 12.0%)  acc=0.6385      240 char/s  eta=   220s
  eval      8,400/60,000 ( 14.0%)  acc=0.6383      240 char/s  eta=   215s
  eval      9,600/60,000 ( 16.0%)  acc=0.6392      240 char/s  eta=   210s
  eval     10,800/60,000 ( 18.0%)  acc=0.6418      240 char/s  eta=   205s
  eval     12,000/60,000 ( 20.0%)  acc=0.6438      240 char/s  eta=   200s
  eval     13,200/60,000 ( 22.0%)  acc=0.6421      240 char/s  eta=   195s
  eval     14,400/60,000 ( 24.0%)  acc=0.6416      240 char/s  eta=   190s
  eval     15,600/60,000 ( 26.0%)  acc=0.6424      240 char/s  eta=   185s
  eval     16,800/60,000 ( 28.0%)  acc=0.6410      240 char/s  eta=   180s
  eval     18,000/60,000 ( 30.0%)  acc=0.6413      240 char/s  eta=   175s
  eval     19,200/60,000 ( 32.0%)  acc=0.6408      240 char/s  eta=   170s
  eval     20,400/60,000 ( 34.0%)  acc=0.6390      240 char/s  eta=   165s
  eval     21,600/60,000 ( 36.0%)  acc=0.6373      240 char/s  eta=   160s
  eval     22,800/60,000 ( 38.0%)  acc=0.6375      240 char/s  eta=   155s
  eval     24,000/60,000 ( 40.0%)  acc=0.6366      240 char/s  eta=   150s
  eval     25,200/60,000 ( 42.0%)  acc=0.6361      240 char/s  eta=   145s
  eval     26,400/60,000 ( 44.0%)  acc=0.6339      240 char/s  eta=   140s
  eval     27,600/60,000 ( 46.0%)  acc=0.6299      240 char/s  eta=   135s
  eval     28,800/60,000 ( 48.0%)  acc=0.6295      240 char/s  eta=   130s
  eval     30,000/60,000 ( 50.0%)  acc=0.6279      240 char/s  eta=   125s
  eval     31,200/60,000 ( 52.0%)  acc=0.6305      240 char/s  eta=   120s
  eval     32,400/60,000 ( 54.0%)  acc=0.6322      240 char/s  eta=   115s
  eval     33,600/60,000 ( 56.0%)  acc=0.6338      241 char/s  eta=   110s
  eval     34,800/60,000 ( 58.0%)  acc=0.6341      241 char/s  eta=   105s
  eval     36,000/60,000 ( 60.0%)  acc=0.6351      241 char/s  eta=   100s
  eval     37,200/60,000 ( 62.0%)  acc=0.6396      241 char/s  eta=    95s
  eval     38,400/60,000 ( 64.0%)  acc=0.6423      241 char/s  eta=    90s
  eval     39,600/60,000 ( 66.0%)  acc=0.6414      241 char/s  eta=    85s
  eval     40,800/60,000 ( 68.0%)  acc=0.6413      241 char/s  eta=    80s
  eval     42,000/60,000 ( 70.0%)  acc=0.6426      241 char/s  eta=    75s
  eval     43,200/60,000 ( 72.0%)  acc=0.6428      241 char/s  eta=    70s
  eval     44,400/60,000 ( 74.0%)  acc=0.6445      241 char/s  eta=    65s
  eval     45,600/60,000 ( 76.0%)  acc=0.6461      241 char/s  eta=    60s
  eval     46,800/60,000 ( 78.0%)  acc=0.6470      241 char/s  eta=    55s
  eval     48,000/60,000 ( 80.0%)  acc=0.6476      241 char/s  eta=    50s
  eval     49,200/60,000 ( 82.0%)  acc=0.6485      241 char/s  eta=    45s
  eval     50,400/60,000 ( 84.0%)  acc=0.6497      241 char/s  eta=    40s
  eval     51,600/60,000 ( 86.0%)  acc=0.6502      241 char/s  eta=    35s
  eval     52,800/60,000 ( 88.0%)  acc=0.6512      241 char/s  eta=    30s
  eval     54,000/60,000 ( 90.0%)  acc=0.6517      241 char/s  eta=    25s
  eval     55,200/60,000 ( 92.0%)  acc=0.6530      241 char/s  eta=    20s
  eval     56,400/60,000 ( 94.0%)  acc=0.6536      241 char/s  eta=    15s
  eval     57,600/60,000 ( 96.0%)  acc=0.6545      241 char/s  eta=    10s
  eval     58,800/60,000 ( 98.0%)  acc=0.6549      241 char/s  eta=     5s
  eval     60,000/60,000 (100.0%)  acc=0.6555      241 char/s  eta=     0s
chars=60,000  acc=0.6555  eval_duration=248.5s
---
submission         : submission
training energy (J): 77,436.2
training duration  : 505.0s
test char-accuracy : 0.6555
test chars         : 60,000
wrote /home/ubuntu/queue/running/2026-05-06T08-39-54-dgl-greedy-layerwise-7af8fe69/result.json
