loading WikiText-103 from /home/ubuntu/data ...
  train chars: 540,095,682
  test  chars: 60,000
energy budget: 100,000 J  (watchdog poll 0.25s)
training submission /home/ubuntu/queue/running/2026-05-06T08-00-45-dgl-greedy-layerwise-ceef05cc/submission.py ...
DGL: 9.07M model params, 0.50M aux-head params (training-only), 5 layers, d=384, h=6
  layer 0 step    0  loss 5.6888  lr 2.50e-06  elapsed 2s
  layer 0 step  200  loss 2.1273  lr 5.00e-04  elapsed 6s
  layer 0 step  400  loss 1.6235  lr 4.94e-04  elapsed 9s
  layer 0 step  600  loss 1.5470  lr 4.78e-04  elapsed 13s
  layer 0 step  800  loss 1.4759  lr 4.51e-04  elapsed 16s
  layer 0 step 1000  loss 1.4743  lr 4.15e-04  elapsed 19s
  layer 0 step 1200  loss 1.4216  lr 3.73e-04  elapsed 23s
  layer 0 step 1400  loss 1.3998  lr 3.25e-04  elapsed 26s
  layer 0 step 1600  loss 1.3774  lr 2.75e-04  elapsed 30s
  layer 0 step 1800  loss 1.3815  lr 2.25e-04  elapsed 33s
  layer 0 step 2000  loss 1.3977  lr 1.77e-04  elapsed 37s
  layer 0 step 2200  loss 1.3130  lr 1.35e-04  elapsed 40s
  layer 0 step 2400  loss 1.3593  lr 9.91e-05  elapsed 44s
  layer 0 step 2600  loss 1.3458  lr 7.23e-05  elapsed 47s
  layer 0 step 2800  loss 1.3698  lr 5.56e-05  elapsed 50s
  layer 0 step 2999  loss 1.3558  lr 5.00e-05  elapsed 54s
  layer 1 step    0  loss 5.6530  lr 2.50e-06  elapsed 54s
  layer 1 step  200  loss 1.3667  lr 5.00e-04  elapsed 58s
  layer 1 step  400  loss 1.3301  lr 4.94e-04  elapsed 61s
  layer 1 step  600  loss 1.3499  lr 4.78e-04  elapsed 65s
  layer 1 step  800  loss 1.3274  lr 4.51e-04  elapsed 69s
  layer 1 step 1000  loss 1.2932  lr 4.15e-04  elapsed 73s
  layer 1 step 1200  loss 1.2796  lr 3.73e-04  elapsed 76s
  layer 1 step 1400  loss 1.2887  lr 3.25e-04  elapsed 80s
  layer 1 step 1600  loss 1.2819  lr 2.75e-04  elapsed 84s
  layer 1 step 1800  loss 1.2862  lr 2.25e-04  elapsed 88s
  layer 1 step 2000  loss 1.2648  lr 1.77e-04  elapsed 91s
  layer 1 step 2200  loss 1.2799  lr 1.35e-04  elapsed 95s
  layer 1 step 2400  loss 1.2459  lr 9.91e-05  elapsed 99s
  layer 1 step 2600  loss 1.2584  lr 7.23e-05  elapsed 103s
  layer 1 step 2800  loss 1.2709  lr 5.56e-05  elapsed 106s
  layer 1 step 2999  loss 1.2372  lr 5.00e-05  elapsed 110s
  layer 2 step    0  loss 5.6393  lr 2.50e-06  elapsed 110s
  layer 2 step  200  loss 1.3128  lr 5.00e-04  elapsed 114s
  layer 2 step  400  loss 1.2428  lr 4.94e-04  elapsed 119s
  layer 2 step  600  loss 1.3138  lr 4.78e-04  elapsed 123s
  layer 2 step  800  loss 1.2545  lr 4.51e-04  elapsed 127s
  layer 2 step 1000  loss 1.2321  lr 4.15e-04  elapsed 131s
  layer 2 step 1200  loss 1.2450  lr 3.73e-04  elapsed 136s
  layer 2 step 1400  loss 1.2660  lr 3.25e-04  elapsed 140s
  layer 2 step 1600  loss 1.2613  lr 2.75e-04  elapsed 144s
  layer 2 step 1800  loss 1.2547  lr 2.25e-04  elapsed 148s
  layer 2 step 2000  loss 1.2452  lr 1.77e-04  elapsed 152s
  layer 2 step 2200  loss 1.2624  lr 1.35e-04  elapsed 157s
  layer 2 step 2400  loss 1.2302  lr 9.91e-05  elapsed 161s
  layer 2 step 2600  loss 1.2434  lr 7.23e-05  elapsed 165s
  layer 2 step 2800  loss 1.2565  lr 5.56e-05  elapsed 169s
  layer 2 step 2999  loss 1.2742  lr 5.00e-05  elapsed 174s
  layer 3 step    0  loss 5.6703  lr 2.50e-06  elapsed 174s
  layer 3 step  200  loss 1.2660  lr 5.00e-04  elapsed 178s
  layer 3 step  400  loss 1.2618  lr 4.94e-04  elapsed 183s
  layer 3 step  600  loss 1.2337  lr 4.78e-04  elapsed 188s
  layer 3 step  800  loss 1.2426  lr 4.51e-04  elapsed 192s
  layer 3 step 1000  loss 1.2268  lr 4.15e-04  elapsed 197s
  layer 3 step 1200  loss 1.2314  lr 3.73e-04  elapsed 202s
  layer 3 step 1400  loss 1.2508  lr 3.25e-04  elapsed 206s
  layer 3 step 1600  loss 1.2475  lr 2.75e-04  elapsed 211s
  layer 3 step 1800  loss 1.2701  lr 2.25e-04  elapsed 216s
  layer 3 step 2000  loss 1.2420  lr 1.77e-04  elapsed 220s
  layer 3 step 2200  loss 1.2469  lr 1.35e-04  elapsed 225s
  layer 3 step 2400  loss 1.2450  lr 9.91e-05  elapsed 230s
  layer 3 step 2600  loss 1.2722  lr 7.23e-05  elapsed 234s
  layer 3 step 2800  loss 1.2207  lr 5.56e-05  elapsed 239s
  layer 3 step 2999  loss 1.2371  lr 5.00e-05  elapsed 244s
  layer 4 step    0  loss 5.5420  lr 2.50e-06  elapsed 244s
  layer 4 step  200  loss 1.2794  lr 5.00e-04  elapsed 249s
  layer 4 step  400  loss 1.2414  lr 4.94e-04  elapsed 254s
  layer 4 step  600  loss 1.3006  lr 4.78e-04  elapsed 259s
  layer 4 step  800  loss 1.2748  lr 4.51e-04  elapsed 264s
  layer 4 step 1000  loss 1.2644  lr 4.15e-04  elapsed 270s
  layer 4 step 1200  loss 1.2296  lr 3.73e-04  elapsed 275s
  layer 4 step 1400  loss 1.1959  lr 3.25e-04  elapsed 280s
  layer 4 step 1600  loss 1.2296  lr 2.75e-04  elapsed 285s
  layer 4 step 1800  loss 1.2194  lr 2.25e-04  elapsed 290s
  layer 4 step 2000  loss 1.2427  lr 1.77e-04  elapsed 295s
  layer 4 step 2200  loss 1.2475  lr 1.35e-04  elapsed 300s
  layer 4 step 2400  loss 1.2453  lr 9.91e-05  elapsed 306s
  layer 4 step 2600  loss 1.2510  lr 7.23e-05  elapsed 311s
  layer 4 step 2800  loss 1.2128  lr 5.56e-05  elapsed 316s
  layer 4 step 2999  loss 1.2193  lr 5.00e-05  elapsed 321s
DGL training done in 321s
training: 53,956.8 J   duration=377.2s
evaluating on test split ...
  eval      1,200/60,000 (  2.0%)  acc=0.6417      295 char/s  eta=   199s
  eval      2,400/60,000 (  4.0%)  acc=0.6500      295 char/s  eta=   195s
  eval      3,600/60,000 (  6.0%)  acc=0.6394      295 char/s  eta=   191s
  eval      4,800/60,000 (  8.0%)  acc=0.6333      295 char/s  eta=   187s
  eval      6,000/60,000 ( 10.0%)  acc=0.6365      295 char/s  eta=   183s
  eval      7,200/60,000 ( 12.0%)  acc=0.6356      295 char/s  eta=   179s
  eval      8,400/60,000 ( 14.0%)  acc=0.6329      296 char/s  eta=   174s
  eval      9,600/60,000 ( 16.0%)  acc=0.6343      296 char/s  eta=   170s
  eval     10,800/60,000 ( 18.0%)  acc=0.6359      296 char/s  eta=   166s
  eval     12,000/60,000 ( 20.0%)  acc=0.6378      296 char/s  eta=   162s
  eval     13,200/60,000 ( 22.0%)  acc=0.6365      296 char/s  eta=   158s
  eval     14,400/60,000 ( 24.0%)  acc=0.6345      296 char/s  eta=   154s
  eval     15,600/60,000 ( 26.0%)  acc=0.6351      296 char/s  eta=   150s
  eval     16,800/60,000 ( 28.0%)  acc=0.6327      296 char/s  eta=   146s
  eval     18,000/60,000 ( 30.0%)  acc=0.6328      296 char/s  eta=   142s
  eval     19,200/60,000 ( 32.0%)  acc=0.6329      296 char/s  eta=   138s
  eval     20,400/60,000 ( 34.0%)  acc=0.6306      296 char/s  eta=   134s
  eval     21,600/60,000 ( 36.0%)  acc=0.6293      296 char/s  eta=   130s
  eval     22,800/60,000 ( 38.0%)  acc=0.6298      296 char/s  eta=   126s
  eval     24,000/60,000 ( 40.0%)  acc=0.6291      296 char/s  eta=   122s
  eval     25,200/60,000 ( 42.0%)  acc=0.6282      296 char/s  eta=   118s
  eval     26,400/60,000 ( 44.0%)  acc=0.6262      296 char/s  eta=   114s
  eval     27,600/60,000 ( 46.0%)  acc=0.6228      296 char/s  eta=   110s
  eval     28,800/60,000 ( 48.0%)  acc=0.6222      296 char/s  eta=   106s
  eval     30,000/60,000 ( 50.0%)  acc=0.6205      296 char/s  eta=   101s
  eval     31,200/60,000 ( 52.0%)  acc=0.6226      296 char/s  eta=    97s
  eval     32,400/60,000 ( 54.0%)  acc=0.6241      296 char/s  eta=    93s
  eval     33,600/60,000 ( 56.0%)  acc=0.6254      296 char/s  eta=    89s
  eval     34,800/60,000 ( 58.0%)  acc=0.6254      296 char/s  eta=    85s
  eval     36,000/60,000 ( 60.0%)  acc=0.6268      296 char/s  eta=    81s
  eval     37,200/60,000 ( 62.0%)  acc=0.6306      296 char/s  eta=    77s
  eval     38,400/60,000 ( 64.0%)  acc=0.6330      296 char/s  eta=    73s
  eval     39,600/60,000 ( 66.0%)  acc=0.6322      296 char/s  eta=    69s
  eval     40,800/60,000 ( 68.0%)  acc=0.6322      296 char/s  eta=    65s
  eval     42,000/60,000 ( 70.0%)  acc=0.6335      296 char/s  eta=    61s
  eval     43,200/60,000 ( 72.0%)  acc=0.6340      296 char/s  eta=    57s
  eval     44,400/60,000 ( 74.0%)  acc=0.6355      296 char/s  eta=    53s
  eval     45,600/60,000 ( 76.0%)  acc=0.6367      296 char/s  eta=    49s
  eval     46,800/60,000 ( 78.0%)  acc=0.6372      296 char/s  eta=    45s
  eval     48,000/60,000 ( 80.0%)  acc=0.6379      296 char/s  eta=    41s
  eval     49,200/60,000 ( 82.0%)  acc=0.6387      296 char/s  eta=    36s
  eval     50,400/60,000 ( 84.0%)  acc=0.6400      296 char/s  eta=    32s
  eval     51,600/60,000 ( 86.0%)  acc=0.6402      296 char/s  eta=    28s
  eval     52,800/60,000 ( 88.0%)  acc=0.6409      296 char/s  eta=    24s
  eval     54,000/60,000 ( 90.0%)  acc=0.6411      296 char/s  eta=    20s
  eval     55,200/60,000 ( 92.0%)  acc=0.6419      296 char/s  eta=    16s
  eval     56,400/60,000 ( 94.0%)  acc=0.6423      296 char/s  eta=    12s
  eval     57,600/60,000 ( 96.0%)  acc=0.6430      296 char/s  eta=     8s
  eval     58,800/60,000 ( 98.0%)  acc=0.6434      296 char/s  eta=     4s
  eval     60,000/60,000 (100.0%)  acc=0.6440      296 char/s  eta=     0s
chars=60,000  acc=0.6440  eval_duration=202.5s
---
submission         : submission
training energy (J): 53,956.8
training duration  : 377.2s
test char-accuracy : 0.6440
test chars         : 60,000
wrote /home/ubuntu/queue/running/2026-05-06T08-00-45-dgl-greedy-layerwise-ceef05cc/result.json
