loading WikiText-103 from /data ...
  train chars: 540,095,682
  test  chars: 60,000
energy budget: 100,000 J  (watchdog poll 0.25s)
training submission submission.py ...
DFA submission: 10.82M params, 6 layers, d=384, n_steps=4000, muon_lr=0.02, adam_lr=0.003, fb_std=0.0625 (sign)
  muon params: 10.62M  adam params: 0.21M
  step     0  loss 5.5965  scale 0.005  elapsed 1s
  step   200  loss 2.2696  scale 1.000  elapsed 12s
  step   400  loss 1.9739  scale 1.000  elapsed 24s
  step   600  loss 1.9046  scale 1.000  elapsed 36s
  step   800  loss 1.8916  scale 1.000  elapsed 47s
  step  1000  loss 1.8229  scale 1.000  elapsed 59s
  step  1200  loss 1.8279  scale 1.000  elapsed 71s
  step  1400  loss 1.8161  scale 1.000  elapsed 82s
  step  1600  loss 1.8038  scale 1.000  elapsed 94s
  step  1800  loss 1.7798  scale 1.000  elapsed 106s
  step  2000  loss 1.7743  scale 1.000  elapsed 117s
  step  2200  loss 1.7744  scale 1.000  elapsed 129s
  step  2400  loss 1.7817  scale 1.000  elapsed 141s
  step  2600  loss 1.7713  scale 1.000  elapsed 152s
  step  2800  loss 1.7982  scale 1.000  elapsed 164s
  step  3000  loss 1.7757  scale 1.000  elapsed 176s
  step  3200  loss 1.7516  scale 1.000  elapsed 187s
  step  3400  loss 1.7351  scale 0.750  elapsed 199s
  step  3600  loss 1.7817  scale 0.500  elapsed 210s
  step  3800  loss 1.7383  scale 0.250  elapsed 222s
  step  3999  loss 1.7160  scale 0.001  elapsed 234s
DFA training done in 234s
training: 51,511.5 J   duration=275.8s
evaluating on test split ...
  eval      1,200/60,000 (  2.0%)  acc=0.5325      203 char/s  eta=   290s
  eval      2,400/60,000 (  4.0%)  acc=0.5354      202 char/s  eta=   285s
  eval      3,600/60,000 (  6.0%)  acc=0.5236      202 char/s  eta=   280s
  eval      4,800/60,000 (  8.0%)  acc=0.5175      202 char/s  eta=   274s
  eval      6,000/60,000 ( 10.0%)  acc=0.5142      201 char/s  eta=   268s
  eval      7,200/60,000 ( 12.0%)  acc=0.5118      201 char/s  eta=   262s
  eval      8,400/60,000 ( 14.0%)  acc=0.5092      201 char/s  eta=   256s
  eval      9,600/60,000 ( 16.0%)  acc=0.5098      201 char/s  eta=   250s
  eval     10,800/60,000 ( 18.0%)  acc=0.5099      201 char/s  eta=   244s
  eval     12,000/60,000 ( 20.0%)  acc=0.5127      201 char/s  eta=   239s
  eval     13,200/60,000 ( 22.0%)  acc=0.5114      201 char/s  eta=   233s
  eval     14,400/60,000 ( 24.0%)  acc=0.5112      201 char/s  eta=   227s
  eval     15,600/60,000 ( 26.0%)  acc=0.5110      201 char/s  eta=   221s
  eval     16,800/60,000 ( 28.0%)  acc=0.5097      201 char/s  eta=   215s
  eval     18,000/60,000 ( 30.0%)  acc=0.5096      200 char/s  eta=   209s
  eval     19,200/60,000 ( 32.0%)  acc=0.5095      201 char/s  eta=   203s
  eval     20,400/60,000 ( 34.0%)  acc=0.5071      200 char/s  eta=   198s
  eval     21,600/60,000 ( 36.0%)  acc=0.5069      200 char/s  eta=   192s
  eval     22,800/60,000 ( 38.0%)  acc=0.5076      200 char/s  eta=   186s
  eval     24,000/60,000 ( 40.0%)  acc=0.5072      200 char/s  eta=   180s
  eval     25,200/60,000 ( 42.0%)  acc=0.5075      200 char/s  eta=   174s
  eval     26,400/60,000 ( 44.0%)  acc=0.5062      200 char/s  eta=   168s
  eval     27,600/60,000 ( 46.0%)  acc=0.5036      200 char/s  eta=   162s
  eval     28,800/60,000 ( 48.0%)  acc=0.5028      200 char/s  eta=   156s
  eval     30,000/60,000 ( 50.0%)  acc=0.5015      200 char/s  eta=   150s
  eval     31,200/60,000 ( 52.0%)  acc=0.5032      200 char/s  eta=   144s
  eval     32,400/60,000 ( 54.0%)  acc=0.5044      200 char/s  eta=   138s
  eval     33,600/60,000 ( 56.0%)  acc=0.5057      200 char/s  eta=   132s
  eval     34,800/60,000 ( 58.0%)  acc=0.5062      200 char/s  eta=   126s
  eval     36,000/60,000 ( 60.0%)  acc=0.5062      200 char/s  eta=   120s
  eval     37,200/60,000 ( 62.0%)  acc=0.5084      200 char/s  eta=   114s
  eval     38,400/60,000 ( 64.0%)  acc=0.5103      200 char/s  eta=   108s
  eval     39,600/60,000 ( 66.0%)  acc=0.5097      200 char/s  eta=   102s
  eval     40,800/60,000 ( 68.0%)  acc=0.5095      200 char/s  eta=    96s
  eval     42,000/60,000 ( 70.0%)  acc=0.5111      200 char/s  eta=    90s
  eval     43,200/60,000 ( 72.0%)  acc=0.5116      200 char/s  eta=    84s
  eval     44,400/60,000 ( 74.0%)  acc=0.5124      200 char/s  eta=    78s
  eval     45,600/60,000 ( 76.0%)  acc=0.5135      200 char/s  eta=    72s
  eval     46,800/60,000 ( 78.0%)  acc=0.5140      200 char/s  eta=    66s
  eval     48,000/60,000 ( 80.0%)  acc=0.5153      200 char/s  eta=    60s
  eval     49,200/60,000 ( 82.0%)  acc=0.5157      200 char/s  eta=    54s
  eval     50,400/60,000 ( 84.0%)  acc=0.5165      200 char/s  eta=    48s
  eval     51,600/60,000 ( 86.0%)  acc=0.5163      200 char/s  eta=    42s
  eval     52,800/60,000 ( 88.0%)  acc=0.5167      200 char/s  eta=    36s
  eval     54,000/60,000 ( 90.0%)  acc=0.5164      200 char/s  eta=    30s
  eval     55,200/60,000 ( 92.0%)  acc=0.5169      200 char/s  eta=    24s
  eval     56,400/60,000 ( 94.0%)  acc=0.5175      200 char/s  eta=    18s
  eval     57,600/60,000 ( 96.0%)  acc=0.5184      200 char/s  eta=    12s
  eval     58,800/60,000 ( 98.0%)  acc=0.5188      200 char/s  eta=     6s
  eval     60,000/60,000 (100.0%)  acc=0.5196      200 char/s  eta=     0s
chars=60,000  acc=0.5196  eval_duration=300.0s
---
submission         : submission
training energy (J): 51,511.5
training duration  : 275.8s
test char-accuracy : 0.5196
test chars         : 60,000
wrote /results/result.json.tmp
