loading WikiText-103 from /data ...
  train chars: 540,095,682
  test  chars: 60,000
energy budget: 100,000 J  (watchdog poll 0.25s)
training submission submission.py ...
DFA submission: 10.82M params, 6 layers, d=384, n_steps=7000, muon_lr=0.02, adam_lr=0.003, fb_std=0.0625 (sign)
  muon params: 10.62M  adam params: 0.21M
  step     0  loss 5.6467  scale 0.005  elapsed 1s
  step   200  loss 2.2420  scale 1.000  elapsed 13s
  step   400  loss 1.9608  scale 1.000  elapsed 25s
  step   600  loss 1.9082  scale 1.000  elapsed 38s
  step   800  loss 1.8813  scale 1.000  elapsed 50s
  step  1000  loss 1.8629  scale 1.000  elapsed 62s
  step  1200  loss 1.8342  scale 1.000  elapsed 74s
  step  1400  loss 1.8295  scale 1.000  elapsed 86s
  step  1600  loss 1.8145  scale 1.000  elapsed 99s
  step  1800  loss 1.7793  scale 1.000  elapsed 110s
  step  2000  loss 1.7751  scale 1.000  elapsed 123s
  step  2200  loss 1.7436  scale 1.000  elapsed 135s
  step  2400  loss 1.7621  scale 1.000  elapsed 147s
  step  2600  loss 1.7691  scale 1.000  elapsed 159s
  step  2800  loss 1.7766  scale 1.000  elapsed 171s
  step  3000  loss 1.7554  scale 1.000  elapsed 183s
  step  3200  loss 1.7604  scale 1.000  elapsed 195s
  step  3400  loss 1.7780  scale 1.000  elapsed 207s
  step  3600  loss 1.7119  scale 1.000  elapsed 219s
  step  3800  loss 1.7442  scale 1.000  elapsed 232s
  step  4000  loss 1.7364  scale 1.000  elapsed 244s
  step  4200  loss 1.7567  scale 1.000  elapsed 256s
  step  4400  loss 1.7071  scale 1.000  elapsed 268s
  step  4600  loss 1.6862  scale 1.000  elapsed 281s
  step  4800  loss 1.7234  scale 1.000  elapsed 293s
  step  5000  loss 1.7512  scale 1.000  elapsed 305s
  step  5200  loss 1.7451  scale 1.000  elapsed 317s
  step  5400  loss 1.7072  scale 1.000  elapsed 329s
  step  5600  loss 1.7247  scale 1.000  elapsed 341s
  step  5800  loss 1.7091  scale 0.857  elapsed 353s
  step  6000  loss 1.7233  scale 0.714  elapsed 365s
  step  6200  loss 1.7026  scale 0.571  elapsed 377s
  step  6400  loss 1.7347  scale 0.429  elapsed 389s
  step  6600  loss 1.7053  scale 0.286  elapsed 403s
  step  6800  loss 1.7033  scale 0.143  elapsed 415s
  step  6999  loss 1.6646  scale 0.001  elapsed 427s
DFA training done in 427s
training: 90,486.9 J   duration=470.5s
evaluating on test split ...
  eval      1,200/60,000 (  2.0%)  acc=0.5300      197 char/s  eta=   299s
  eval      2,400/60,000 (  4.0%)  acc=0.5429      193 char/s  eta=   299s
  eval      3,600/60,000 (  6.0%)  acc=0.5300      194 char/s  eta=   291s
  eval      4,800/60,000 (  8.0%)  acc=0.5219      195 char/s  eta=   283s
  eval      6,000/60,000 ( 10.0%)  acc=0.5192      194 char/s  eta=   278s
  eval      7,200/60,000 ( 12.0%)  acc=0.5192      194 char/s  eta=   271s
  eval      8,400/60,000 ( 14.0%)  acc=0.5181      194 char/s  eta=   265s
  eval      9,600/60,000 ( 16.0%)  acc=0.5173      195 char/s  eta=   258s
  eval     10,800/60,000 ( 18.0%)  acc=0.5193      196 char/s  eta=   252s
  eval     12,000/60,000 ( 20.0%)  acc=0.5229      196 char/s  eta=   245s
  eval     13,200/60,000 ( 22.0%)  acc=0.5222      196 char/s  eta=   239s
  eval     14,400/60,000 ( 24.0%)  acc=0.5220      196 char/s  eta=   233s
  eval     15,600/60,000 ( 26.0%)  acc=0.5226      196 char/s  eta=   226s
  eval     16,800/60,000 ( 28.0%)  acc=0.5211      196 char/s  eta=   220s
  eval     18,000/60,000 ( 30.0%)  acc=0.5205      196 char/s  eta=   214s
  eval     19,200/60,000 ( 32.0%)  acc=0.5197      196 char/s  eta=   208s
  eval     20,400/60,000 ( 34.0%)  acc=0.5172      196 char/s  eta=   202s
  eval     21,600/60,000 ( 36.0%)  acc=0.5168      197 char/s  eta=   195s
  eval     22,800/60,000 ( 38.0%)  acc=0.5165      197 char/s  eta=   189s
  eval     24,000/60,000 ( 40.0%)  acc=0.5155      197 char/s  eta=   183s
  eval     25,200/60,000 ( 42.0%)  acc=0.5152      197 char/s  eta=   177s
  eval     26,400/60,000 ( 44.0%)  acc=0.5127      196 char/s  eta=   171s
  eval     27,600/60,000 ( 46.0%)  acc=0.5096      196 char/s  eta=   166s
  eval     28,800/60,000 ( 48.0%)  acc=0.5091      195 char/s  eta=   160s
  eval     30,000/60,000 ( 50.0%)  acc=0.5084      195 char/s  eta=   154s
  eval     31,200/60,000 ( 52.0%)  acc=0.5097      194 char/s  eta=   148s
  eval     32,400/60,000 ( 54.0%)  acc=0.5107      194 char/s  eta=   142s
  eval     33,600/60,000 ( 56.0%)  acc=0.5122      194 char/s  eta=   136s
  eval     34,800/60,000 ( 58.0%)  acc=0.5120      193 char/s  eta=   130s
  eval     36,000/60,000 ( 60.0%)  acc=0.5124      193 char/s  eta=   124s
  eval     37,200/60,000 ( 62.0%)  acc=0.5148      193 char/s  eta=   118s
  eval     38,400/60,000 ( 64.0%)  acc=0.5167      193 char/s  eta=   112s
  eval     39,600/60,000 ( 66.0%)  acc=0.5157      193 char/s  eta=   106s
  eval     40,800/60,000 ( 68.0%)  acc=0.5161      193 char/s  eta=   100s
  eval     42,000/60,000 ( 70.0%)  acc=0.5175      192 char/s  eta=    94s
  eval     43,200/60,000 ( 72.0%)  acc=0.5178      192 char/s  eta=    88s
  eval     44,400/60,000 ( 74.0%)  acc=0.5190      192 char/s  eta=    81s
  eval     45,600/60,000 ( 76.0%)  acc=0.5198      192 char/s  eta=    75s
  eval     46,800/60,000 ( 78.0%)  acc=0.5208      191 char/s  eta=    69s
  eval     48,000/60,000 ( 80.0%)  acc=0.5219      191 char/s  eta=    63s
  eval     49,200/60,000 ( 82.0%)  acc=0.5224      191 char/s  eta=    56s
  eval     50,400/60,000 ( 84.0%)  acc=0.5230      191 char/s  eta=    50s
  eval     51,600/60,000 ( 86.0%)  acc=0.5224      191 char/s  eta=    44s
  eval     52,800/60,000 ( 88.0%)  acc=0.5223      191 char/s  eta=    38s
  eval     54,000/60,000 ( 90.0%)  acc=0.5224      191 char/s  eta=    31s
  eval     55,200/60,000 ( 92.0%)  acc=0.5232      191 char/s  eta=    25s
  eval     56,400/60,000 ( 94.0%)  acc=0.5236      191 char/s  eta=    19s
  eval     57,600/60,000 ( 96.0%)  acc=0.5244      191 char/s  eta=    13s
  eval     58,800/60,000 ( 98.0%)  acc=0.5246      191 char/s  eta=     6s
  eval     60,000/60,000 (100.0%)  acc=0.5250      191 char/s  eta=     0s
chars=60,000  acc=0.5250  eval_duration=314.3s
---
submission         : submission
training energy (J): 90,486.9
training duration  : 470.5s
test char-accuracy : 0.5250
test chars         : 60,000
wrote /results/result.json.tmp
