loading WikiText-103 from /data ...
  train chars: 540,095,682
  test  chars: 60,000
energy budget: 100,000 J  (watchdog poll 0.25s)
training submission submission.py ...
[modded] device=cuda  use_amp=True
[modded] params: 10.62M  cfg=Config(vocab_size=256, d_model=384, n_layers=6, n_heads=6, max_len=512, softcap=30.0)
[modded] muon params: 10.62M  adam params: 0.10M
[modded] step      0  loss 5.7470  lr 1.00e-04/1.50e-05  elapsed 1s
[modded] step    100  loss 1.9293  lr 1.01e-02/1.52e-03  elapsed 9s
[modded] step    200  loss 1.4616  lr 2.00e-02/3.00e-03  elapsed 18s
[modded] step    300  loss 1.3486  lr 2.00e-02/3.00e-03  elapsed 27s
[modded] step    400  loss 1.2792  lr 2.00e-02/3.00e-03  elapsed 36s
[modded] step    500  loss 1.2147  lr 2.00e-02/3.00e-03  elapsed 45s
[modded] step    600  loss 1.1938  lr 2.00e-02/3.00e-03  elapsed 54s
[modded] step    700  loss 1.1531  lr 2.00e-02/3.00e-03  elapsed 63s
[modded] step    800  loss 1.1667  lr 2.00e-02/3.00e-03  elapsed 71s
[modded] step    900  loss 1.1408  lr 2.00e-02/3.00e-03  elapsed 80s
[modded] step   1000  loss 1.0960  lr 2.00e-02/3.00e-03  elapsed 89s
[modded] step   1100  loss 1.1025  lr 2.00e-02/3.00e-03  elapsed 98s
[modded] step   1200  loss 1.1303  lr 2.00e-02/3.00e-03  elapsed 107s
[modded] step   1300  loss 1.0914  lr 2.00e-02/3.00e-03  elapsed 116s
[modded] step   1400  loss 1.0831  lr 2.00e-02/3.00e-03  elapsed 125s
[modded] step   1500  loss 1.0768  lr 2.00e-02/3.00e-03  elapsed 134s
[modded] step   1600  loss 1.0606  lr 2.00e-02/3.00e-03  elapsed 142s
[modded] step   1700  loss 1.0557  lr 2.00e-02/3.00e-03  elapsed 151s
[modded] step   1800  loss 1.0471  lr 2.00e-02/3.00e-03  elapsed 160s
[modded] step   1900  loss 1.0659  lr 2.00e-02/3.00e-03  elapsed 169s
[modded] step   2000  loss 1.0068  lr 2.00e-02/3.00e-03  elapsed 178s
[modded] step   2100  loss 1.0407  lr 2.00e-02/3.00e-03  elapsed 187s
[modded] step   2200  loss 1.0329  lr 2.00e-02/3.00e-03  elapsed 196s
[modded] step   2300  loss 1.0072  lr 2.00e-02/3.00e-03  elapsed 204s
[modded] step   2400  loss 1.0581  lr 2.00e-02/3.00e-03  elapsed 213s
[modded] step   2500  loss 1.0289  lr 1.67e-02/2.50e-03  elapsed 222s
[modded] step   2600  loss 0.9986  lr 1.33e-02/2.00e-03  elapsed 231s
[modded] step   2700  loss 1.0003  lr 1.00e-02/1.50e-03  elapsed 240s
[modded] step   2800  loss 0.9916  lr 6.67e-03/1.00e-03  elapsed 249s
[modded] step   2900  loss 0.9749  lr 3.33e-03/5.00e-04  elapsed 258s
[modded] step   2999  loss 0.9944  lr 3.33e-05/5.00e-06  elapsed 266s
training: 55,344.7 J   duration=308.7s
evaluating on test split ...
  eval      1,200/60,000 (  2.0%)  acc=0.7208      145 char/s  eta=   406s
  eval      2,400/60,000 (  4.0%)  acc=0.7312      142 char/s  eta=   404s
  eval      3,600/60,000 (  6.0%)  acc=0.7239      143 char/s  eta=   395s
  eval      4,800/60,000 (  8.0%)  acc=0.7188      143 char/s  eta=   387s
  eval      6,000/60,000 ( 10.0%)  acc=0.7162      143 char/s  eta=   379s
  eval      7,200/60,000 ( 12.0%)  acc=0.7157      142 char/s  eta=   371s
  eval      8,400/60,000 ( 14.0%)  acc=0.7144      143 char/s  eta=   362s
  eval      9,600/60,000 ( 16.0%)  acc=0.7132      143 char/s  eta=   353s
  eval     10,800/60,000 ( 18.0%)  acc=0.7139      143 char/s  eta=   345s
  eval     12,000/60,000 ( 20.0%)  acc=0.7137      143 char/s  eta=   336s
  eval     13,200/60,000 ( 22.0%)  acc=0.7133      143 char/s  eta=   328s
  eval     14,400/60,000 ( 24.0%)  acc=0.7107      143 char/s  eta=   319s
  eval     15,600/60,000 ( 26.0%)  acc=0.7114      143 char/s  eta=   311s
  eval     16,800/60,000 ( 28.0%)  acc=0.7092      143 char/s  eta=   303s
  eval     18,000/60,000 ( 30.0%)  acc=0.7087      143 char/s  eta=   294s
  eval     19,200/60,000 ( 32.0%)  acc=0.7082      143 char/s  eta=   286s
  eval     20,400/60,000 ( 34.0%)  acc=0.7061      143 char/s  eta=   278s
  eval     21,600/60,000 ( 36.0%)  acc=0.7048      143 char/s  eta=   269s
  eval     22,800/60,000 ( 38.0%)  acc=0.7056      143 char/s  eta=   261s
  eval     24,000/60,000 ( 40.0%)  acc=0.7057      143 char/s  eta=   252s
  eval     25,200/60,000 ( 42.0%)  acc=0.7054      143 char/s  eta=   244s
  eval     26,400/60,000 ( 44.0%)  acc=0.7047      143 char/s  eta=   235s
  eval     27,600/60,000 ( 46.0%)  acc=0.7027      143 char/s  eta=   227s
  eval     28,800/60,000 ( 48.0%)  acc=0.7018      143 char/s  eta=   219s
  eval     30,000/60,000 ( 50.0%)  acc=0.6997      143 char/s  eta=   210s
  eval     31,200/60,000 ( 52.0%)  acc=0.7020      143 char/s  eta=   202s
  eval     32,400/60,000 ( 54.0%)  acc=0.7030      143 char/s  eta=   194s
  eval     33,600/60,000 ( 56.0%)  acc=0.7045      143 char/s  eta=   185s
  eval     34,800/60,000 ( 58.0%)  acc=0.7059      143 char/s  eta=   177s
  eval     36,000/60,000 ( 60.0%)  acc=0.7079      143 char/s  eta=   168s
  eval     37,200/60,000 ( 62.0%)  acc=0.7123      143 char/s  eta=   160s
  eval     38,400/60,000 ( 64.0%)  acc=0.7154      143 char/s  eta=   151s
  eval     39,600/60,000 ( 66.0%)  acc=0.7146      143 char/s  eta=   143s
  eval     40,800/60,000 ( 68.0%)  acc=0.7150      143 char/s  eta=   135s
  eval     42,000/60,000 ( 70.0%)  acc=0.7161      143 char/s  eta=   126s
  eval     43,200/60,000 ( 72.0%)  acc=0.7175      143 char/s  eta=   118s
  eval     44,400/60,000 ( 74.0%)  acc=0.7189      143 char/s  eta=   109s
  eval     45,600/60,000 ( 76.0%)  acc=0.7200      143 char/s  eta=   101s
  eval     46,800/60,000 ( 78.0%)  acc=0.7212      143 char/s  eta=    93s
  eval     48,000/60,000 ( 80.0%)  acc=0.7220      143 char/s  eta=    84s
  eval     49,200/60,000 ( 82.0%)  acc=0.7224      143 char/s  eta=    76s
  eval     50,400/60,000 ( 84.0%)  acc=0.7238      143 char/s  eta=    67s
  eval     51,600/60,000 ( 86.0%)  acc=0.7244      143 char/s  eta=    59s
  eval     52,800/60,000 ( 88.0%)  acc=0.7258      143 char/s  eta=    50s
  eval     54,000/60,000 ( 90.0%)  acc=0.7264      143 char/s  eta=    42s
  eval     55,200/60,000 ( 92.0%)  acc=0.7281      143 char/s  eta=    34s
  eval     56,400/60,000 ( 94.0%)  acc=0.7293      143 char/s  eta=    25s
  eval     57,600/60,000 ( 96.0%)  acc=0.7301      143 char/s  eta=    17s
  eval     58,800/60,000 ( 98.0%)  acc=0.7305      143 char/s  eta=     8s
  eval     60,000/60,000 (100.0%)  acc=0.7310      143 char/s  eta=     0s
chars=60,000  acc=0.7310  eval_duration=420.8s
---
submission         : submission
training energy (J): 55,344.7
training duration  : 308.7s
test char-accuracy : 0.7310
test chars         : 60,000
wrote /results/result.json.tmp
