loading WikiText-103 from /home/ubuntu/data ...
  train chars: 540,095,682
  test  chars: 60,000
energy budget: 100,000 J  (watchdog poll 0.25s)
training submission /home/ubuntu/queue/running/2026-05-06T08-25-18-dgl-greedy-layerwise-3c00df85/submission.py ...
DGL v3: 10.75M backbone params, 6 layers, d=384; ridge_λ=1.0, ridge_n_windows=80
  layer 0 step    0  loss 5.6254  lr 2.50e-06  elapsed 2s
  layer 0 step  500  loss 1.5325  lr 4.87e-04  elapsed 10s
  layer 0 step 1000  loss 1.4194  lr 4.15e-04  elapsed 19s
  layer 0 step 1500  loss 1.3797  lr 3.00e-04  elapsed 28s
  layer 0 step 2000  loss 1.3636  lr 1.77e-04  elapsed 36s
  layer 0 step 2500  loss 1.3347  lr 8.45e-05  elapsed 45s
  layer 0 step 2999  loss 1.3367  lr 5.00e-05  elapsed 54s
  layer 1 step    0  loss 1.3364  lr 2.50e-06  elapsed 54s
  layer 1 step  500  loss 1.2807  lr 4.87e-04  elapsed 63s
  layer 1 step 1000  loss 1.2743  lr 4.15e-04  elapsed 73s
  layer 1 step 1500  loss 1.2568  lr 3.00e-04  elapsed 82s
  layer 1 step 2000  loss 1.2923  lr 1.77e-04  elapsed 92s
  layer 1 step 2500  loss 1.2666  lr 8.45e-05  elapsed 101s
  layer 1 step 2999  loss 1.2541  lr 5.00e-05  elapsed 111s
  layer 2 step    0  loss 1.2443  lr 2.50e-06  elapsed 111s
  layer 2 step  500  loss 1.2120  lr 4.87e-04  elapsed 121s
  layer 2 step 1000  loss 1.2321  lr 4.15e-04  elapsed 132s
  layer 2 step 1500  loss 1.2135  lr 3.00e-04  elapsed 143s
  layer 2 step 2000  loss 1.2139  lr 1.77e-04  elapsed 153s
  layer 2 step 2500  loss 1.2216  lr 8.45e-05  elapsed 164s
  layer 2 step 2999  loss 1.2237  lr 5.00e-05  elapsed 175s
  layer 3 step    0  loss 1.2397  lr 2.50e-06  elapsed 175s
  layer 3 step  500  loss 1.1955  lr 4.87e-04  elapsed 186s
  layer 3 step 1000  loss 1.2329  lr 4.15e-04  elapsed 198s
  layer 3 step 1500  loss 1.2156  lr 3.00e-04  elapsed 210s
  layer 3 step 2000  loss 1.2149  lr 1.77e-04  elapsed 222s
  layer 3 step 2500  loss 1.2169  lr 8.45e-05  elapsed 234s
  layer 3 step 2999  loss 1.2448  lr 5.00e-05  elapsed 245s
  layer 4 step    0  loss 1.2501  lr 2.50e-06  elapsed 245s
  layer 4 step  500  loss 1.2075  lr 4.87e-04  elapsed 258s
  layer 4 step 1000  loss 1.2551  lr 4.15e-04  elapsed 271s
  layer 4 step 1500  loss 1.2323  lr 3.00e-04  elapsed 284s
  layer 4 step 2000  loss 1.2270  lr 1.77e-04  elapsed 297s
  layer 4 step 2500  loss 1.2050  lr 8.45e-05  elapsed 310s
  layer 4 step 2999  loss 1.2139  lr 5.00e-05  elapsed 323s
  layer 5 step    0  loss 1.2089  lr 2.50e-06  elapsed 323s
  layer 5 step  500  loss 1.1986  lr 4.87e-04  elapsed 337s
  layer 5 step 1000  loss 1.2254  lr 4.15e-04  elapsed 351s
  layer 5 step 1500  loss 1.2039  lr 3.00e-04  elapsed 365s
  layer 5 step 2000  loss 1.2264  lr 1.77e-04  elapsed 379s
  layer 5 step 2500  loss 1.2157  lr 8.45e-05  elapsed 394s
  layer 5 step 2999  loss 1.2225  lr 5.00e-05  elapsed 408s
DGL training done in 408s — solving ridge readout
  ridge window 1/80  n_seen=32,768  elapsed 408s
  ridge window 21/80  n_seen=688,128  elapsed 408s
  ridge window 41/80  n_seen=1,343,488  elapsed 409s
  ridge window 61/80  n_seen=1,998,848  elapsed 409s
  ridge window 80/80  n_seen=2,621,440  elapsed 410s
  solving ridge: feat_dim=2304, λ=1.0, n_seen=2,621,440
DGL v3 done in 410s — ridge W ready
training: 68,130.9 J   duration=466.1s
evaluating on test split ...
  eval      1,200/60,000 (  2.0%)  acc=0.5775      266 char/s  eta=   221s
  eval      2,400/60,000 (  4.0%)  acc=0.5975      264 char/s  eta=   218s
  eval      3,600/60,000 (  6.0%)  acc=0.5861      263 char/s  eta=   214s
  eval      4,800/60,000 (  8.0%)  acc=0.5794      263 char/s  eta=   210s
  eval      6,000/60,000 ( 10.0%)  acc=0.5840      262 char/s  eta=   206s
  eval      7,200/60,000 ( 12.0%)  acc=0.5846      262 char/s  eta=   201s
  eval      8,400/60,000 ( 14.0%)  acc=0.5845      262 char/s  eta=   197s
  eval      9,600/60,000 ( 16.0%)  acc=0.5865      262 char/s  eta=   192s
  eval     10,800/60,000 ( 18.0%)  acc=0.5884      262 char/s  eta=   188s
  eval     12,000/60,000 ( 20.0%)  acc=0.5917      262 char/s  eta=   183s
  eval     13,200/60,000 ( 22.0%)  acc=0.5902      262 char/s  eta=   179s
  eval     14,400/60,000 ( 24.0%)  acc=0.5890      262 char/s  eta=   174s
  eval     15,600/60,000 ( 26.0%)  acc=0.5894      262 char/s  eta=   170s
  eval     16,800/60,000 ( 28.0%)  acc=0.5879      262 char/s  eta=   165s
  eval     18,000/60,000 ( 30.0%)  acc=0.5885      262 char/s  eta=   161s
  eval     19,200/60,000 ( 32.0%)  acc=0.5887      262 char/s  eta=   156s
  eval     20,400/60,000 ( 34.0%)  acc=0.5865      262 char/s  eta=   151s
  eval     21,600/60,000 ( 36.0%)  acc=0.5854      262 char/s  eta=   147s
  eval     22,800/60,000 ( 38.0%)  acc=0.5848      262 char/s  eta=   142s
  eval     24,000/60,000 ( 40.0%)  acc=0.5850      262 char/s  eta=   138s
  eval     25,200/60,000 ( 42.0%)  acc=0.5852      262 char/s  eta=   133s
  eval     26,400/60,000 ( 44.0%)  acc=0.5839      261 char/s  eta=   129s
  eval     27,600/60,000 ( 46.0%)  acc=0.5799      261 char/s  eta=   124s
  eval     28,800/60,000 ( 48.0%)  acc=0.5789      261 char/s  eta=   119s
  eval     30,000/60,000 ( 50.0%)  acc=0.5779      261 char/s  eta=   115s
  eval     31,200/60,000 ( 52.0%)  acc=0.5792      261 char/s  eta=   110s
  eval     32,400/60,000 ( 54.0%)  acc=0.5802      261 char/s  eta=   106s
  eval     33,600/60,000 ( 56.0%)  acc=0.5811      261 char/s  eta=   101s
  eval     34,800/60,000 ( 58.0%)  acc=0.5815      261 char/s  eta=    96s
  eval     36,000/60,000 ( 60.0%)  acc=0.5824      261 char/s  eta=    92s
  eval     37,200/60,000 ( 62.0%)  acc=0.5857      261 char/s  eta=    87s
  eval     38,400/60,000 ( 64.0%)  acc=0.5878      261 char/s  eta=    83s
  eval     39,600/60,000 ( 66.0%)  acc=0.5866      261 char/s  eta=    78s
  eval     40,800/60,000 ( 68.0%)  acc=0.5867      261 char/s  eta=    73s
  eval     42,000/60,000 ( 70.0%)  acc=0.5877      261 char/s  eta=    69s
  eval     43,200/60,000 ( 72.0%)  acc=0.5882      261 char/s  eta=    64s
  eval     44,400/60,000 ( 74.0%)  acc=0.5900      261 char/s  eta=    60s
  eval     45,600/60,000 ( 76.0%)  acc=0.5917      261 char/s  eta=    55s
  eval     46,800/60,000 ( 78.0%)  acc=0.5926      261 char/s  eta=    51s
  eval     48,000/60,000 ( 80.0%)  acc=0.5934      261 char/s  eta=    46s
  eval     49,200/60,000 ( 82.0%)  acc=0.5940      261 char/s  eta=    41s
  eval     50,400/60,000 ( 84.0%)  acc=0.5953      261 char/s  eta=    37s
  eval     51,600/60,000 ( 86.0%)  acc=0.5949      261 char/s  eta=    32s
  eval     52,800/60,000 ( 88.0%)  acc=0.5954      261 char/s  eta=    28s
  eval     54,000/60,000 ( 90.0%)  acc=0.5954      261 char/s  eta=    23s
  eval     55,200/60,000 ( 92.0%)  acc=0.5964      261 char/s  eta=    18s
  eval     56,400/60,000 ( 94.0%)  acc=0.5971      261 char/s  eta=    14s
  eval     57,600/60,000 ( 96.0%)  acc=0.5981      261 char/s  eta=     9s
  eval     58,800/60,000 ( 98.0%)  acc=0.5983      261 char/s  eta=     5s
  eval     60,000/60,000 (100.0%)  acc=0.5990      261 char/s  eta=     0s
chars=60,000  acc=0.5990  eval_duration=229.6s
---
submission         : submission
training energy (J): 68,130.9
training duration  : 466.1s
test char-accuracy : 0.5990
test chars         : 60,000
wrote /home/ubuntu/queue/running/2026-05-06T08-25-18-dgl-greedy-layerwise-3c00df85/result.json
