loading WikiText-103 from /home/ubuntu/data ...
  train chars: 540,095,682
  test  chars: 60,000
energy budget: 100,000 J  (watchdog poll 0.25s)
training submission /home/ubuntu/queue/running/2026-05-06T10-33-29-dgl-greedy-layerwise-6f0bbd75/submission.py ...
DGL v11: 12.85M params, 4 layers, d=512, h=8, steps/layer=5000, muon_lr=0.02, adam_lr=0.002
  layer 0 step    0  loss 5.5953  scale 0.004  elapsed 2s
  layer 0 step  500  loss 1.4712  scale 1.000  elapsed 12s
  layer 0 step 1000  loss 1.3981  scale 1.000  elapsed 23s
  layer 0 step 1500  loss 1.3447  scale 1.000  elapsed 33s
  layer 0 step 2000  loss 1.2785  scale 1.000  elapsed 43s
  layer 0 step 2500  loss 1.3273  scale 1.000  elapsed 54s
  layer 0 step 3000  loss 1.3010  scale 1.000  elapsed 64s
  layer 0 step 3500  loss 1.2936  scale 1.000  elapsed 75s
  layer 0 step 4000  loss 1.3350  scale 1.000  elapsed 85s
  layer 0 step 4500  loss 1.2518  scale 0.500  elapsed 95s
  layer 0 step 4999  loss 1.2504  scale 0.001  elapsed 106s
  layer 1 step    0  loss 1.2540  scale 0.004  elapsed 106s
  layer 1 step  500  loss 1.2361  scale 1.000  elapsed 117s
  layer 1 step 1000  loss 1.2466  scale 1.000  elapsed 129s
  layer 1 step 1500  loss 1.2151  scale 1.000  elapsed 141s
  layer 1 step 2000  loss 1.2238  scale 1.000  elapsed 152s
  layer 1 step 2500  loss 1.2460  scale 1.000  elapsed 164s
  layer 1 step 3000  loss 1.1575  scale 1.000  elapsed 176s
  layer 1 step 3500  loss 1.1884  scale 1.000  elapsed 187s
  layer 1 step 4000  loss 1.1490  scale 1.000  elapsed 199s
  layer 1 step 4500  loss 1.1426  scale 0.500  elapsed 211s
  layer 1 step 4999  loss 1.1500  scale 0.001  elapsed 222s
  layer 2 step    0  loss 1.1480  scale 0.004  elapsed 222s
  layer 2 step  500  loss 1.1593  scale 1.000  elapsed 235s
  layer 2 step 1000  loss 1.1677  scale 1.000  elapsed 249s
  layer 2 step 1500  loss 1.1203  scale 1.000  elapsed 262s
  layer 2 step 2000  loss 1.1220  scale 1.000  elapsed 275s
  layer 2 step 2500  loss 1.1561  scale 1.000  elapsed 288s
  layer 2 step 3000  loss 1.1357  scale 1.000  elapsed 301s
  layer 2 step 3500  loss 1.1367  scale 1.000  elapsed 315s
  layer 2 step 4000  loss 1.1473  scale 1.000  elapsed 328s
  layer 2 step 4500  loss 1.1364  scale 0.500  elapsed 341s
  layer 2 step 4999  loss 1.1037  scale 0.001  elapsed 354s
  layer 3 step    0  loss 1.1506  scale 0.004  elapsed 354s
  layer 3 step  500  loss 1.1590  scale 1.000  elapsed 369s
  layer 3 step 1000  loss 1.1153  scale 1.000  elapsed 384s
  layer 3 step 1500  loss 1.1111  scale 1.000  elapsed 398s
  layer 3 step 2000  loss 1.1085  scale 1.000  elapsed 413s
  layer 3 step 2500  loss 1.1096  scale 1.000  elapsed 428s
  layer 3 step 3000  loss 1.1537  scale 1.000  elapsed 443s
  layer 3 step 3500  loss 1.1369  scale 1.000  elapsed 457s
  layer 3 step 4000  loss 1.1225  scale 1.000  elapsed 472s
  layer 3 step 4500  loss 1.0967  scale 0.500  elapsed 487s
  layer 3 step 4999  loss 1.1371  scale 0.001  elapsed 502s
DGL v11 done in 502s
training: 93,134.6 J   duration=558.0s
evaluating on test split ...
  eval      1,200/60,000 (  2.0%)  acc=0.6725      354 char/s  eta=   166s
  eval      2,400/60,000 (  4.0%)  acc=0.6813      353 char/s  eta=   163s
  eval      3,600/60,000 (  6.0%)  acc=0.6692      352 char/s  eta=   160s
  eval      4,800/60,000 (  8.0%)  acc=0.6592      352 char/s  eta=   157s
  eval      6,000/60,000 ( 10.0%)  acc=0.6620      352 char/s  eta=   154s
  eval      7,200/60,000 ( 12.0%)  acc=0.6642      352 char/s  eta=   150s
  eval      8,400/60,000 ( 14.0%)  acc=0.6632      352 char/s  eta=   147s
  eval      9,600/60,000 ( 16.0%)  acc=0.6651      352 char/s  eta=   143s
  eval     10,800/60,000 ( 18.0%)  acc=0.6675      352 char/s  eta=   140s
  eval     12,000/60,000 ( 20.0%)  acc=0.6682      352 char/s  eta=   136s
  eval     13,200/60,000 ( 22.0%)  acc=0.6667      352 char/s  eta=   133s
  eval     14,400/60,000 ( 24.0%)  acc=0.6656      352 char/s  eta=   130s
  eval     15,600/60,000 ( 26.0%)  acc=0.6672      352 char/s  eta=   126s
  eval     16,800/60,000 ( 28.0%)  acc=0.6658      352 char/s  eta=   123s
  eval     18,000/60,000 ( 30.0%)  acc=0.6654      352 char/s  eta=   119s
  eval     19,200/60,000 ( 32.0%)  acc=0.6651      352 char/s  eta=   116s
  eval     20,400/60,000 ( 34.0%)  acc=0.6629      352 char/s  eta=   112s
  eval     21,600/60,000 ( 36.0%)  acc=0.6618      352 char/s  eta=   109s
  eval     22,800/60,000 ( 38.0%)  acc=0.6624      352 char/s  eta=   106s
  eval     24,000/60,000 ( 40.0%)  acc=0.6621      352 char/s  eta=   102s
  eval     25,200/60,000 ( 42.0%)  acc=0.6613      352 char/s  eta=    99s
  eval     26,400/60,000 ( 44.0%)  acc=0.6589      352 char/s  eta=    95s
  eval     27,600/60,000 ( 46.0%)  acc=0.6553      352 char/s  eta=    92s
  eval     28,800/60,000 ( 48.0%)  acc=0.6542      352 char/s  eta=    89s
  eval     30,000/60,000 ( 50.0%)  acc=0.6523      352 char/s  eta=    85s
  eval     31,200/60,000 ( 52.0%)  acc=0.6550      352 char/s  eta=    82s
  eval     32,400/60,000 ( 54.0%)  acc=0.6565      352 char/s  eta=    79s
  eval     33,600/60,000 ( 56.0%)  acc=0.6577      352 char/s  eta=    75s
  eval     34,800/60,000 ( 58.0%)  acc=0.6589      351 char/s  eta=    72s
  eval     36,000/60,000 ( 60.0%)  acc=0.6607      351 char/s  eta=    68s
  eval     37,200/60,000 ( 62.0%)  acc=0.6652      351 char/s  eta=    65s
  eval     38,400/60,000 ( 64.0%)  acc=0.6684      351 char/s  eta=    61s
  eval     39,600/60,000 ( 66.0%)  acc=0.6676      351 char/s  eta=    58s
  eval     40,800/60,000 ( 68.0%)  acc=0.6675      351 char/s  eta=    55s
  eval     42,000/60,000 ( 70.0%)  acc=0.6688      351 char/s  eta=    51s
  eval     43,200/60,000 ( 72.0%)  acc=0.6697      351 char/s  eta=    48s
  eval     44,400/60,000 ( 74.0%)  acc=0.6712      351 char/s  eta=    44s
  eval     45,600/60,000 ( 76.0%)  acc=0.6728      351 char/s  eta=    41s
  eval     46,800/60,000 ( 78.0%)  acc=0.6741      351 char/s  eta=    38s
  eval     48,000/60,000 ( 80.0%)  acc=0.6747      351 char/s  eta=    34s
  eval     49,200/60,000 ( 82.0%)  acc=0.6760      351 char/s  eta=    31s
  eval     50,400/60,000 ( 84.0%)  acc=0.6779      351 char/s  eta=    27s
  eval     51,600/60,000 ( 86.0%)  acc=0.6784      351 char/s  eta=    24s
  eval     52,800/60,000 ( 88.0%)  acc=0.6795      351 char/s  eta=    21s
  eval     54,000/60,000 ( 90.0%)  acc=0.6800      351 char/s  eta=    17s
  eval     55,200/60,000 ( 92.0%)  acc=0.6814      351 char/s  eta=    14s
  eval     56,400/60,000 ( 94.0%)  acc=0.6822      351 char/s  eta=    10s
  eval     57,600/60,000 ( 96.0%)  acc=0.6832      351 char/s  eta=     7s
  eval     58,800/60,000 ( 98.0%)  acc=0.6837      351 char/s  eta=     3s
  eval     60,000/60,000 (100.0%)  acc=0.6839      351 char/s  eta=     0s
chars=60,000  acc=0.6839  eval_duration=170.9s
---
submission         : submission
training energy (J): 93,134.6
training duration  : 558.0s
test char-accuracy : 0.6839
test chars         : 60,000
wrote /home/ubuntu/queue/running/2026-05-06T10-33-29-dgl-greedy-layerwise-6f0bbd75/result.json
