loading WikiText-103 from /home/ubuntu/data ...
  train chars: 540,095,682
  test  chars: 60,000
energy budget: 100,000 J  (watchdog poll 0.25s)
training submission /home/ubuntu/queue/running/2026-05-06T09-37-39-dgl-greedy-layerwise-56f5b2aa/submission.py ...
DGL v8: 16.00M params, 5 layers, d=512, h=8, steps/layer=3500, muon_lr=0.02, adam_lr=0.002
  layer 0 step    0  loss 5.7033  scale 0.004  elapsed 2s
  layer 0 step  500  loss 1.4536  scale 1.000  elapsed 12s
  layer 0 step 1000  loss 1.3932  scale 1.000  elapsed 22s
  layer 0 step 1500  loss 1.3365  scale 1.000  elapsed 33s
  layer 0 step 2000  loss 1.3342  scale 1.000  elapsed 43s
  layer 0 step 2500  loss 1.3144  scale 1.000  elapsed 53s
  layer 0 step 3000  loss 1.2747  scale 0.714  elapsed 64s
  layer 0 step 3499  loss 1.2679  scale 0.001  elapsed 74s
  layer 1 step    0  loss 1.2642  scale 0.004  elapsed 74s
  layer 1 step  500  loss 1.2808  scale 1.000  elapsed 86s
  layer 1 step 1000  loss 1.2325  scale 1.000  elapsed 97s
  layer 1 step 1500  loss 1.2001  scale 1.000  elapsed 109s
  layer 1 step 2000  loss 1.1776  scale 1.000  elapsed 121s
  layer 1 step 2500  loss 1.1902  scale 1.000  elapsed 132s
  layer 1 step 3000  loss 1.1692  scale 0.714  elapsed 144s
  layer 1 step 3499  loss 1.1769  scale 0.001  elapsed 155s
  layer 2 step    0  loss 1.1695  scale 0.004  elapsed 155s
  layer 2 step  500  loss 1.1771  scale 1.000  elapsed 169s
  layer 2 step 1000  loss 1.1632  scale 1.000  elapsed 182s
  layer 2 step 1500  loss 1.1768  scale 1.000  elapsed 195s
  layer 2 step 2000  loss 1.1540  scale 1.000  elapsed 208s
  layer 2 step 2500  loss 1.1676  scale 1.000  elapsed 221s
  layer 2 step 3000  loss 1.1691  scale 0.714  elapsed 234s
  layer 2 step 3499  loss 1.1066  scale 0.001  elapsed 248s
  layer 3 step    0  loss 1.1545  scale 0.004  elapsed 248s
  layer 3 step  500  loss 1.1671  scale 1.000  elapsed 262s
  layer 3 step 1000  loss 1.1709  scale 1.000  elapsed 277s
  layer 3 step 1500  loss 1.1426  scale 1.000  elapsed 292s
  layer 3 step 2000  loss 1.1744  scale 1.000  elapsed 306s
  layer 3 step 2500  loss 1.1315  scale 1.000  elapsed 321s
  layer 3 step 3000  loss 1.1283  scale 0.714  elapsed 336s
  layer 3 step 3499  loss 1.1111  scale 0.001  elapsed 350s
  layer 4 step    0  loss 1.1329  scale 0.004  elapsed 350s
  layer 4 step  500  loss 1.1387  scale 1.000  elapsed 367s
  layer 4 step 1000  loss 1.1407  scale 1.000  elapsed 383s
  layer 4 step 1500  loss 1.1170  scale 1.000  elapsed 399s
  layer 4 step 2000  loss 1.1477  scale 1.000  elapsed 415s
  layer 4 step 2500  loss 1.1744  scale 1.000  elapsed 432s
  layer 4 step 3000  loss 1.1403  scale 0.714  elapsed 448s
  layer 4 step 3499  loss 1.1266  scale 0.001  elapsed 464s
DGL v8 done in 464s
training: 89,949.6 J   duration=520.5s
evaluating on test split ...
  eval      1,200/60,000 (  2.0%)  acc=0.6692      302 char/s  eta=   195s
  eval      2,400/60,000 (  4.0%)  acc=0.6783      300 char/s  eta=   192s
  eval      3,600/60,000 (  6.0%)  acc=0.6675      300 char/s  eta=   188s
  eval      4,800/60,000 (  8.0%)  acc=0.6585      300 char/s  eta=   184s
  eval      6,000/60,000 ( 10.0%)  acc=0.6605      299 char/s  eta=   180s
  eval      7,200/60,000 ( 12.0%)  acc=0.6596      299 char/s  eta=   176s
  eval      8,400/60,000 ( 14.0%)  acc=0.6576      299 char/s  eta=   172s
  eval      9,600/60,000 ( 16.0%)  acc=0.6589      299 char/s  eta=   168s
  eval     10,800/60,000 ( 18.0%)  acc=0.6603      299 char/s  eta=   164s
  eval     12,000/60,000 ( 20.0%)  acc=0.6614      299 char/s  eta=   160s
  eval     13,200/60,000 ( 22.0%)  acc=0.6603      299 char/s  eta=   156s
  eval     14,400/60,000 ( 24.0%)  acc=0.6587      299 char/s  eta=   152s
  eval     15,600/60,000 ( 26.0%)  acc=0.6600      299 char/s  eta=   148s
  eval     16,800/60,000 ( 28.0%)  acc=0.6587      299 char/s  eta=   145s
  eval     18,000/60,000 ( 30.0%)  acc=0.6573      298 char/s  eta=   141s
  eval     19,200/60,000 ( 32.0%)  acc=0.6567      298 char/s  eta=   137s
  eval     20,400/60,000 ( 34.0%)  acc=0.6545      298 char/s  eta=   133s
  eval     21,600/60,000 ( 36.0%)  acc=0.6531      297 char/s  eta=   129s
  eval     22,800/60,000 ( 38.0%)  acc=0.6537      297 char/s  eta=   125s
  eval     24,000/60,000 ( 40.0%)  acc=0.6535      297 char/s  eta=   121s
  eval     25,200/60,000 ( 42.0%)  acc=0.6533      297 char/s  eta=   117s
  eval     26,400/60,000 ( 44.0%)  acc=0.6512      297 char/s  eta=   113s
  eval     27,600/60,000 ( 46.0%)  acc=0.6472      297 char/s  eta=   109s
  eval     28,800/60,000 ( 48.0%)  acc=0.6465      296 char/s  eta=   105s
  eval     30,000/60,000 ( 50.0%)  acc=0.6449      296 char/s  eta=   101s
  eval     31,200/60,000 ( 52.0%)  acc=0.6477      296 char/s  eta=    97s
  eval     32,400/60,000 ( 54.0%)  acc=0.6497      296 char/s  eta=    93s
  eval     33,600/60,000 ( 56.0%)  acc=0.6513      296 char/s  eta=    89s
  eval     34,800/60,000 ( 58.0%)  acc=0.6525      296 char/s  eta=    85s
  eval     36,000/60,000 ( 60.0%)  acc=0.6547      296 char/s  eta=    81s
  eval     37,200/60,000 ( 62.0%)  acc=0.6589      296 char/s  eta=    77s
  eval     38,400/60,000 ( 64.0%)  acc=0.6622      296 char/s  eta=    73s
  eval     39,600/60,000 ( 66.0%)  acc=0.6612      296 char/s  eta=    69s
  eval     40,800/60,000 ( 68.0%)  acc=0.6613      296 char/s  eta=    65s
  eval     42,000/60,000 ( 70.0%)  acc=0.6626      296 char/s  eta=    61s
  eval     43,200/60,000 ( 72.0%)  acc=0.6635      296 char/s  eta=    57s
  eval     44,400/60,000 ( 74.0%)  acc=0.6651      296 char/s  eta=    53s
  eval     45,600/60,000 ( 76.0%)  acc=0.6668      296 char/s  eta=    49s
  eval     46,800/60,000 ( 78.0%)  acc=0.6679      296 char/s  eta=    45s
  eval     48,000/60,000 ( 80.0%)  acc=0.6682      296 char/s  eta=    41s
  eval     49,200/60,000 ( 82.0%)  acc=0.6691      296 char/s  eta=    37s
  eval     50,400/60,000 ( 84.0%)  acc=0.6711      296 char/s  eta=    32s
  eval     51,600/60,000 ( 86.0%)  acc=0.6715      296 char/s  eta=    28s
  eval     52,800/60,000 ( 88.0%)  acc=0.6728      296 char/s  eta=    24s
  eval     54,000/60,000 ( 90.0%)  acc=0.6734      296 char/s  eta=    20s
  eval     55,200/60,000 ( 92.0%)  acc=0.6751      296 char/s  eta=    16s
  eval     56,400/60,000 ( 94.0%)  acc=0.6763      296 char/s  eta=    12s
  eval     57,600/60,000 ( 96.0%)  acc=0.6772      296 char/s  eta=     8s
  eval     58,800/60,000 ( 98.0%)  acc=0.6778      296 char/s  eta=     4s
  eval     60,000/60,000 (100.0%)  acc=0.6785      296 char/s  eta=     0s
chars=60,000  acc=0.6785  eval_duration=202.9s
---
submission         : submission
training energy (J): 89,949.6
training duration  : 520.5s
test char-accuracy : 0.6785
test chars         : 60,000
wrote /home/ubuntu/queue/running/2026-05-06T09-37-39-dgl-greedy-layerwise-56f5b2aa/result.json
