loading WikiText-103 from /home/ubuntu/data ...
  train chars: 540,095,682
  test  chars: 60,000
energy budget: 100,000 J  (watchdog poll 0.25s)
training submission /home/ubuntu/queue/running/2026-05-06T09-53-53-dgl-greedy-layerwise-4d209a01/submission.py ...
DGL v9: 13.25M params, 4 × d=512, DGL_steps/layer=3500, readout_steps=3000
  layer 0 step    0  loss 5.6158  scale 0.004  elapsed 2s
  layer 0 step  500  loss 1.4851  scale 1.000  elapsed 12s
  layer 0 step 1000  loss 1.3893  scale 1.000  elapsed 22s
  layer 0 step 1500  loss 1.3735  scale 1.000  elapsed 33s
  layer 0 step 2000  loss 1.3511  scale 1.000  elapsed 43s
  layer 0 step 2500  loss 1.3333  scale 1.000  elapsed 54s
  layer 0 step 3000  loss 1.3037  scale 0.714  elapsed 64s
  layer 0 step 3499  loss 1.2570  scale 0.001  elapsed 74s
  layer 1 step    0  loss 1.2693  scale 0.004  elapsed 74s
  layer 1 step  500  loss 1.2598  scale 1.000  elapsed 86s
  layer 1 step 1000  loss 1.2189  scale 1.000  elapsed 98s
  layer 1 step 1500  loss 1.2041  scale 1.000  elapsed 109s
  layer 1 step 2000  loss 1.2087  scale 1.000  elapsed 121s
  layer 1 step 2500  loss 1.1966  scale 1.000  elapsed 132s
  layer 1 step 3000  loss 1.2053  scale 0.714  elapsed 144s
  layer 1 step 3499  loss 1.1758  scale 0.001  elapsed 155s
  layer 2 step    0  loss 1.2131  scale 0.004  elapsed 156s
  layer 2 step  500  loss 1.1665  scale 1.000  elapsed 169s
  layer 2 step 1000  loss 1.1063  scale 1.000  elapsed 182s
  layer 2 step 1500  loss 1.1417  scale 1.000  elapsed 195s
  layer 2 step 2000  loss 1.1690  scale 1.000  elapsed 208s
  layer 2 step 2500  loss 1.1332  scale 1.000  elapsed 221s
  layer 2 step 3000  loss 1.1674  scale 0.714  elapsed 234s
  layer 2 step 3499  loss 1.1370  scale 0.001  elapsed 248s
  layer 3 step    0  loss 1.1629  scale 0.004  elapsed 248s
  layer 3 step  500  loss 1.1493  scale 1.000  elapsed 262s
  layer 3 step 1000  loss 1.1234  scale 1.000  elapsed 277s
  layer 3 step 1500  loss 1.1255  scale 1.000  elapsed 292s
  layer 3 step 2000  loss 1.1233  scale 1.000  elapsed 306s
  layer 3 step 2500  loss 1.1151  scale 1.000  elapsed 321s
  layer 3 step 3000  loss 1.1514  scale 0.714  elapsed 336s
  layer 3 step 3499  loss 1.1351  scale 0.001  elapsed 351s
DGL phase done in 351s — training CE readout
  readout step    0  loss 6.1659  lr 7.50e-06  elapsed 351s
  readout step  500  loss 1.1524  lr 1.46e-03  elapsed 363s
  readout step 1000  loss 1.1574  lr 1.25e-03  elapsed 375s
  readout step 1500  loss 1.1471  lr 9.01e-04  elapsed 388s
  readout step 2000  loss 1.1124  lr 5.32e-04  elapsed 400s
  readout step 2500  loss 1.1387  lr 2.53e-04  elapsed 412s
  readout step 2999  loss 1.1594  lr 1.50e-04  elapsed 425s
DGL v9 done in 425s
training: 79,890.9 J   duration=480.9s
evaluating on test split ...
  eval      1,200/60,000 (  2.0%)  acc=0.6617      344 char/s  eta=   171s
  eval      2,400/60,000 (  4.0%)  acc=0.6742      342 char/s  eta=   169s
  eval      3,600/60,000 (  6.0%)  acc=0.6650      341 char/s  eta=   165s
  eval      4,800/60,000 (  8.0%)  acc=0.6560      340 char/s  eta=   162s
  eval      6,000/60,000 ( 10.0%)  acc=0.6607      340 char/s  eta=   159s
  eval      7,200/60,000 ( 12.0%)  acc=0.6610      340 char/s  eta=   155s
  eval      8,400/60,000 ( 14.0%)  acc=0.6612      340 char/s  eta=   152s
  eval      9,600/60,000 ( 16.0%)  acc=0.6619      341 char/s  eta=   148s
  eval     10,800/60,000 ( 18.0%)  acc=0.6638      341 char/s  eta=   144s
  eval     12,000/60,000 ( 20.0%)  acc=0.6652      341 char/s  eta=   141s
  eval     13,200/60,000 ( 22.0%)  acc=0.6632      341 char/s  eta=   137s
  eval     14,400/60,000 ( 24.0%)  acc=0.6619      341 char/s  eta=   134s
  eval     15,600/60,000 ( 26.0%)  acc=0.6629      341 char/s  eta=   130s
  eval     16,800/60,000 ( 28.0%)  acc=0.6609      341 char/s  eta=   127s
  eval     18,000/60,000 ( 30.0%)  acc=0.6601      341 char/s  eta=   123s
  eval     19,200/60,000 ( 32.0%)  acc=0.6592      341 char/s  eta=   120s
  eval     20,400/60,000 ( 34.0%)  acc=0.6569      341 char/s  eta=   116s
  eval     21,600/60,000 ( 36.0%)  acc=0.6559      341 char/s  eta=   113s
  eval     22,800/60,000 ( 38.0%)  acc=0.6566      341 char/s  eta=   109s
  eval     24,000/60,000 ( 40.0%)  acc=0.6560      341 char/s  eta=   106s
  eval     25,200/60,000 ( 42.0%)  acc=0.6557      341 char/s  eta=   102s
  eval     26,400/60,000 ( 44.0%)  acc=0.6535      341 char/s  eta=    99s
  eval     27,600/60,000 ( 46.0%)  acc=0.6492      340 char/s  eta=    95s
  eval     28,800/60,000 ( 48.0%)  acc=0.6483      340 char/s  eta=    92s
  eval     30,000/60,000 ( 50.0%)  acc=0.6469      340 char/s  eta=    88s
  eval     31,200/60,000 ( 52.0%)  acc=0.6493      340 char/s  eta=    85s
  eval     32,400/60,000 ( 54.0%)  acc=0.6509      341 char/s  eta=    81s
  eval     33,600/60,000 ( 56.0%)  acc=0.6521      341 char/s  eta=    78s
  eval     34,800/60,000 ( 58.0%)  acc=0.6529      341 char/s  eta=    74s
  eval     36,000/60,000 ( 60.0%)  acc=0.6549      341 char/s  eta=    70s
  eval     37,200/60,000 ( 62.0%)  acc=0.6598      341 char/s  eta=    67s
  eval     38,400/60,000 ( 64.0%)  acc=0.6633      341 char/s  eta=    63s
  eval     39,600/60,000 ( 66.0%)  acc=0.6627      341 char/s  eta=    60s
  eval     40,800/60,000 ( 68.0%)  acc=0.6629      341 char/s  eta=    56s
  eval     42,000/60,000 ( 70.0%)  acc=0.6642      341 char/s  eta=    53s
  eval     43,200/60,000 ( 72.0%)  acc=0.6649      341 char/s  eta=    49s
  eval     44,400/60,000 ( 74.0%)  acc=0.6666      341 char/s  eta=    46s
  eval     45,600/60,000 ( 76.0%)  acc=0.6683      341 char/s  eta=    42s
  eval     46,800/60,000 ( 78.0%)  acc=0.6695      341 char/s  eta=    39s
  eval     48,000/60,000 ( 80.0%)  acc=0.6702      341 char/s  eta=    35s
  eval     49,200/60,000 ( 82.0%)  acc=0.6711      341 char/s  eta=    32s
  eval     50,400/60,000 ( 84.0%)  acc=0.6729      341 char/s  eta=    28s
  eval     51,600/60,000 ( 86.0%)  acc=0.6734      341 char/s  eta=    25s
  eval     52,800/60,000 ( 88.0%)  acc=0.6746      341 char/s  eta=    21s
  eval     54,000/60,000 ( 90.0%)  acc=0.6754      341 char/s  eta=    18s
  eval     55,200/60,000 ( 92.0%)  acc=0.6771      341 char/s  eta=    14s
  eval     56,400/60,000 ( 94.0%)  acc=0.6782      341 char/s  eta=    11s
  eval     57,600/60,000 ( 96.0%)  acc=0.6792      341 char/s  eta=     7s
  eval     58,800/60,000 ( 98.0%)  acc=0.6797      341 char/s  eta=     4s
  eval     60,000/60,000 (100.0%)  acc=0.6803      341 char/s  eta=     0s
chars=60,000  acc=0.6803  eval_duration=176.2s
---
submission         : submission
training energy (J): 79,890.9
training duration  : 480.9s
test char-accuracy : 0.6803
test chars         : 60,000
wrote /home/ubuntu/queue/running/2026-05-06T09-53-53-dgl-greedy-layerwise-4d209a01/result.json
