loading WikiText-103 from /home/ubuntu/data ...
  train chars: 540,095,682
  test  chars: 60,000
energy budget: 100,000 J  (watchdog poll 0.25s)
training submission /home/ubuntu/queue/running/2026-05-06T10-16-58-dgl-greedy-layerwise-8010797b/submission.py ...
DGL v10: 12.85M params, 4 × d=512, steps/layer=3000, K=4 multi-future tokens
  layer 0 step    0  loss 5.6718 (next-1 only 5.6312)  scale 0.004  elapsed 2s
  layer 0 step  500  loss 2.2127 (next-1 only 1.4696)  scale 1.000  elapsed 23s
  layer 0 step 1000  loss 2.1794 (next-1 only 1.4273)  scale 1.000  elapsed 44s
  layer 0 step 1500  loss 2.1787 (next-1 only 1.4208)  scale 1.000  elapsed 66s
  layer 0 step 2000  loss 2.1385 (next-1 only 1.3867)  scale 1.000  elapsed 87s
  layer 0 step 2500  loss 2.1446 (next-1 only 1.3852)  scale 0.833  elapsed 108s
  layer 0 step 2999  loss 2.1029 (next-1 only 1.3481)  scale 0.002  elapsed 130s
  layer 1 step    0  loss 2.0982 (next-1 only 1.3402)  scale 0.004  elapsed 130s
  layer 1 step  500  loss 2.0149 (next-1 only 1.2682)  scale 1.000  elapsed 153s
  layer 1 step 1000  loss 2.0082 (next-1 only 1.2752)  scale 1.000  elapsed 175s
  layer 1 step 1500  loss 2.0102 (next-1 only 1.2767)  scale 1.000  elapsed 198s
  layer 1 step 2000  loss 1.9925 (next-1 only 1.2547)  scale 1.000  elapsed 221s
  layer 1 step 2500  loss 1.9177 (next-1 only 1.1893)  scale 0.833  elapsed 243s
  layer 1 step 2999  loss 1.9203 (next-1 only 1.1859)  scale 0.002  elapsed 266s
  layer 2 step    0  loss 1.9098 (next-1 only 1.1806)  scale 0.004  elapsed 266s
  layer 2 step  500  loss 1.9448 (next-1 only 1.2124)  scale 1.000  elapsed 290s
  layer 2 step 1000  loss 1.9292 (next-1 only 1.2032)  scale 1.000  elapsed 314s
  layer 2 step 1500  loss 1.9294 (next-1 only 1.2013)  scale 1.000  elapsed 338s
  layer 2 step 2000  loss 1.8287 (next-1 only 1.1190)  scale 1.000  elapsed 363s
  layer 2 step 2500  loss 1.9258 (next-1 only 1.1996)  scale 0.833  elapsed 387s
  layer 2 step 2999  loss 1.8598 (next-1 only 1.1408)  scale 0.002  elapsed 411s
  layer 3 step    0  loss 1.8685 (next-1 only 1.1534)  scale 0.004  elapsed 411s
  layer 3 step  500  loss 1.8951 (next-1 only 1.1665)  scale 1.000  elapsed 437s
  layer 3 step 1000  loss 1.8771 (next-1 only 1.1459)  scale 1.000  elapsed 462s
  layer 3 step 1500  loss 1.8618 (next-1 only 1.1432)  scale 1.000  elapsed 488s
  layer 3 step 2000  loss 1.8819 (next-1 only 1.1586)  scale 1.000  elapsed 514s
  layer 3 step 2500  loss 1.8553 (next-1 only 1.1373)  scale 0.833  elapsed 539s
  layer 3 step 2999  loss 1.8492 (next-1 only 1.1274)  scale 0.002  elapsed 565s
DGL v10 done in 565s
training: 64,539.4 J   duration=621.1s
evaluating on test split ...
  eval      1,200/60,000 (  2.0%)  acc=0.6625      356 char/s  eta=   165s
  eval      2,400/60,000 (  4.0%)  acc=0.6667      354 char/s  eta=   163s
  eval      3,600/60,000 (  6.0%)  acc=0.6567      354 char/s  eta=   159s
  eval      4,800/60,000 (  8.0%)  acc=0.6521      355 char/s  eta=   156s
  eval      6,000/60,000 ( 10.0%)  acc=0.6563      353 char/s  eta=   153s
  eval      7,200/60,000 ( 12.0%)  acc=0.6575      354 char/s  eta=   149s
  eval      8,400/60,000 ( 14.0%)  acc=0.6576      354 char/s  eta=   146s
  eval      9,600/60,000 ( 16.0%)  acc=0.6593      354 char/s  eta=   142s
  eval     10,800/60,000 ( 18.0%)  acc=0.6622      354 char/s  eta=   139s
  eval     12,000/60,000 ( 20.0%)  acc=0.6634      354 char/s  eta=   136s
  eval     13,200/60,000 ( 22.0%)  acc=0.6612      354 char/s  eta=   132s
  eval     14,400/60,000 ( 24.0%)  acc=0.6608      355 char/s  eta=   129s
  eval     15,600/60,000 ( 26.0%)  acc=0.6619      355 char/s  eta=   125s
  eval     16,800/60,000 ( 28.0%)  acc=0.6593      355 char/s  eta=   122s
  eval     18,000/60,000 ( 30.0%)  acc=0.6590      355 char/s  eta=   118s
  eval     19,200/60,000 ( 32.0%)  acc=0.6583      355 char/s  eta=   115s
  eval     20,400/60,000 ( 34.0%)  acc=0.6562      354 char/s  eta=   112s
  eval     21,600/60,000 ( 36.0%)  acc=0.6547      354 char/s  eta=   108s
  eval     22,800/60,000 ( 38.0%)  acc=0.6544      354 char/s  eta=   105s
  eval     24,000/60,000 ( 40.0%)  acc=0.6540      355 char/s  eta=   102s
  eval     25,200/60,000 ( 42.0%)  acc=0.6530      355 char/s  eta=    98s
  eval     26,400/60,000 ( 44.0%)  acc=0.6503      355 char/s  eta=    95s
  eval     27,600/60,000 ( 46.0%)  acc=0.6464      354 char/s  eta=    91s
  eval     28,800/60,000 ( 48.0%)  acc=0.6452      355 char/s  eta=    88s
  eval     30,000/60,000 ( 50.0%)  acc=0.6436      355 char/s  eta=    85s
  eval     31,200/60,000 ( 52.0%)  acc=0.6466      354 char/s  eta=    81s
  eval     32,400/60,000 ( 54.0%)  acc=0.6485      355 char/s  eta=    78s
  eval     33,600/60,000 ( 56.0%)  acc=0.6502      354 char/s  eta=    74s
  eval     34,800/60,000 ( 58.0%)  acc=0.6510      354 char/s  eta=    71s
  eval     36,000/60,000 ( 60.0%)  acc=0.6532      354 char/s  eta=    68s
  eval     37,200/60,000 ( 62.0%)  acc=0.6578      355 char/s  eta=    64s
  eval     38,400/60,000 ( 64.0%)  acc=0.6615      355 char/s  eta=    61s
  eval     39,600/60,000 ( 66.0%)  acc=0.6609      355 char/s  eta=    58s
  eval     40,800/60,000 ( 68.0%)  acc=0.6612      355 char/s  eta=    54s
  eval     42,000/60,000 ( 70.0%)  acc=0.6631      355 char/s  eta=    51s
  eval     43,200/60,000 ( 72.0%)  acc=0.6639      355 char/s  eta=    47s
  eval     44,400/60,000 ( 74.0%)  acc=0.6655      355 char/s  eta=    44s
  eval     45,600/60,000 ( 76.0%)  acc=0.6670      355 char/s  eta=    41s
  eval     46,800/60,000 ( 78.0%)  acc=0.6678      355 char/s  eta=    37s
  eval     48,000/60,000 ( 80.0%)  acc=0.6683      355 char/s  eta=    34s
  eval     49,200/60,000 ( 82.0%)  acc=0.6692      355 char/s  eta=    30s
  eval     50,400/60,000 ( 84.0%)  acc=0.6709      355 char/s  eta=    27s
  eval     51,600/60,000 ( 86.0%)  acc=0.6714      355 char/s  eta=    24s
  eval     52,800/60,000 ( 88.0%)  acc=0.6727      355 char/s  eta=    20s
  eval     54,000/60,000 ( 90.0%)  acc=0.6736      355 char/s  eta=    17s
  eval     55,200/60,000 ( 92.0%)  acc=0.6754      355 char/s  eta=    14s
  eval     56,400/60,000 ( 94.0%)  acc=0.6767      355 char/s  eta=    10s
  eval     57,600/60,000 ( 96.0%)  acc=0.6777      355 char/s  eta=     7s
  eval     58,800/60,000 ( 98.0%)  acc=0.6782      355 char/s  eta=     3s
  eval     60,000/60,000 (100.0%)  acc=0.6787      355 char/s  eta=     0s
chars=60,000  acc=0.6787  eval_duration=169.1s
---
submission         : submission
training energy (J): 64,539.4
training duration  : 621.1s
test char-accuracy : 0.6787
test chars         : 60,000
wrote /home/ubuntu/queue/running/2026-05-06T10-16-58-dgl-greedy-layerwise-8010797b/result.json
